    
    
        KAPLAN-MEIER ESTIMATOR
    
        TITLE : L250 Distribution                                                               
    
        DATA FILE : l250_asur
    
        VARIABLE : L250     
    
    
        # OF DATA POINTS : 278 # OF UPPER LIMITS :  25
    
    
          VARIABLE RANGE      KM ESTIMATOR   ERROR
FROM    0.000   TO   41.108       1.000
FROM   41.108   TO   41.391       0.991       0.009
FROM   41.391   TO   41.480       0.982       0.011
FROM   41.480   TO   41.501       0.973       0.013
FROM   41.501   TO   41.574       0.964       0.014
       41.556 C 
FROM   41.574   TO   41.775       0.957       0.014
       41.721 C 
FROM   41.775   TO   41.848       0.950       0.015
FROM   41.848   TO   41.871       0.944       0.016
       41.864 C 
FROM   41.871   TO   41.878       0.939       0.016
       41.876 C 
FROM   41.878   TO   41.879       0.933       0.017
FROM   41.879   TO   41.904       0.928       0.017
FROM   41.904   TO   41.922       0.923       0.018
FROM   41.922   TO   41.975       0.918       0.018
       41.953 C 
FROM   41.975   TO   41.998       0.913       0.018
       41.993 C 
FROM   41.998   TO   41.999       0.909       0.019
FROM   41.999   TO   42.004       0.904       0.019
FROM   42.004   TO   42.019       0.900       0.020
FROM   42.019   TO   42.045       0.895       0.020
FROM   42.045   TO   42.077       0.891       0.020
FROM   42.077   TO   42.093       0.886       0.021
FROM   42.093   TO   42.095       0.881       0.021
FROM   42.095   TO   42.155       0.877       0.021
FROM   42.155   TO   42.172       0.872       0.021
FROM   42.172   TO   42.185       0.868       0.022
FROM   42.185   TO   42.186       0.863       0.022
FROM   42.186   TO   42.205       0.859       0.022
FROM   42.205   TO   42.213       0.854       0.022
FROM   42.213   TO   42.228       0.849       0.023
       42.217 C 
       42.224 C 
FROM   42.228   TO   42.233       0.845       0.023
FROM   42.233   TO   42.250       0.841       0.023
FROM   42.250   TO   42.260       0.837       0.023
FROM   42.260   TO   42.267       0.832       0.024
       42.263 C 
FROM   42.267   TO   42.284       0.828       0.024
FROM   42.284   TO   42.296       0.824       0.024
FROM   42.296   TO   42.313       0.820       0.024
FROM   42.313   TO   42.325       0.815       0.024
FROM   42.325   TO   42.333       0.811       0.025
FROM   42.333   TO   42.344       0.807       0.025
FROM   42.344   TO   42.352       0.803       0.025
FROM   42.352   TO   42.352       0.799       0.025
FROM   42.352   TO   42.359       0.794       0.025
FROM   42.359   TO   42.396       0.790       0.025
FROM   42.396   TO   42.402       0.786       0.026
FROM   42.402   TO   42.431       0.782       0.026
FROM   42.431   TO   42.435       0.778       0.026
FROM   42.435   TO   42.449       0.774       0.026
FROM   42.449   TO   42.462       0.769       0.026
FROM   42.462   TO   42.501       0.765       0.026
       42.473 C 
FROM   42.501   TO   42.503       0.761       0.026
FROM   42.503   TO   42.505       0.757       0.027
FROM   42.505   TO   42.508       0.753       0.027
FROM   42.508   TO   42.509       0.749       0.027
FROM   42.509   TO   42.511       0.745       0.027
FROM   42.511   TO   42.520       0.740       0.027
       42.517 C 
FROM   42.520   TO   42.532       0.736       0.027
FROM   42.532   TO   42.533       0.732       0.027
FROM   42.533   TO   42.535       0.728       0.027
FROM   42.535   TO   42.544       0.724       0.028
FROM   42.544   TO   42.544       0.720       0.028
FROM   42.544   TO   42.547       0.716       0.028
FROM   42.547   TO   42.549       0.712       0.028
FROM   42.549   TO   42.549       0.708       0.028
FROM   42.549   TO   42.562       0.704       0.028
FROM   42.562   TO   42.568       0.700       0.028
FROM   42.568   TO   42.569       0.696       0.028
FROM   42.569   TO   42.571       0.692       0.028
FROM   42.571   TO   42.572       0.688       0.028
FROM   42.572   TO   42.578       0.684       0.028
FROM   42.578   TO   42.593       0.680       0.028
FROM   42.593   TO   42.602       0.676       0.029
FROM   42.602   TO   42.607       0.671       0.029
FROM   42.607   TO   42.611       0.667       0.029
FROM   42.611   TO   42.628       0.663       0.029
       42.614 C 
       42.618 C 
       42.622 C 
FROM   42.628   TO   42.629       0.659       0.029
FROM   42.629   TO   42.639       0.656       0.029
       42.630 C 
FROM   42.639   TO   42.648       0.652       0.029
FROM   42.648   TO   42.656       0.648       0.029
FROM   42.656   TO   42.659       0.644       0.029
FROM   42.659   TO   42.662       0.640       0.029
FROM   42.662   TO   42.669       0.636       0.029
FROM   42.669   TO   42.683       0.632       0.029
       42.682 C 
FROM   42.683   TO   42.706       0.628       0.029
       42.694 C 
FROM   42.706   TO   42.707       0.625       0.029
FROM   42.707   TO   42.714       0.621       0.029
       42.708 C 
       42.714 C 
FROM   42.714   TO   42.726       0.617       0.029
       42.719 C 
FROM   42.726   TO   42.729       0.613       0.029
FROM   42.729   TO   42.741       0.610       0.030
FROM   42.741   TO   42.743       0.606       0.030
FROM   42.743   TO   42.747       0.602       0.030
FROM   42.747   TO   42.757       0.599       0.030
FROM   42.757   TO   42.764       0.595       0.030
FROM   42.764   TO   42.767       0.591       0.030
FROM   42.767   TO   42.770       0.588       0.030
FROM   42.770   TO   42.772       0.584       0.030
FROM   42.772   TO   42.781       0.580       0.030
FROM   42.781   TO   42.786       0.577       0.030
FROM   42.786   TO   42.788       0.573       0.030
FROM   42.788   TO   42.799       0.569       0.030
FROM   42.799   TO   42.804       0.566       0.030
FROM   42.804   TO   42.805       0.562       0.030
FROM   42.805   TO   42.806       0.558       0.030
FROM   42.806   TO   42.811       0.555       0.030
FROM   42.811   TO   42.812       0.551       0.030
FROM   42.812   TO   42.818       0.547       0.030
FROM   42.818   TO   42.826       0.544       0.030
FROM   42.826   TO   42.833       0.540       0.030
FROM   42.833   TO   42.837       0.536       0.030
FROM   42.837   TO   42.841       0.532       0.030
FROM   42.841   TO   42.850       0.529       0.030
FROM   42.850   TO   42.850       0.525       0.030
FROM   42.850   TO   42.860       0.521       0.030
FROM   42.860   TO   42.864       0.518       0.030
FROM   42.864   TO   42.867       0.514       0.030
FROM   42.867   TO   42.870       0.510       0.030
FROM   42.870   TO   42.871       0.507       0.030
FROM   42.871   TO   42.880       0.503       0.030
FROM   42.880   TO   42.883       0.499       0.030
FROM   42.883   TO   42.886       0.496       0.030
FROM   42.886   TO   42.899       0.492       0.030
FROM   42.899   TO   42.904       0.488       0.030
FROM   42.904   TO   42.905       0.485       0.030
FROM   42.905   TO   42.907       0.481       0.030
FROM   42.907   TO   42.908       0.477       0.030
FROM   42.908   TO   42.911       0.474       0.030
FROM   42.911   TO   42.913       0.470       0.030
FROM   42.913   TO   42.920       0.466       0.030
FROM   42.920   TO   42.926       0.463       0.030
FROM   42.926   TO   42.929       0.459       0.030
FROM   42.929   TO   42.930       0.455       0.030
FROM   42.930   TO   42.935       0.451       0.030
FROM   42.935   TO   42.936       0.448       0.030
FROM   42.936   TO   42.943       0.444       0.030
FROM   42.943   TO   42.948       0.440       0.030
FROM   42.948   TO   42.951       0.437       0.030
FROM   42.951   TO   42.953       0.433       0.030
FROM   42.953   TO   42.954       0.429       0.030
FROM   42.954   TO   42.961       0.426       0.030
FROM   42.961   TO   42.963       0.422       0.030
FROM   42.963   TO   42.964       0.418       0.030
FROM   42.964   TO   42.969       0.415       0.030
FROM   42.969   TO   42.969       0.411       0.030
FROM   42.969   TO   42.976       0.407       0.030
FROM   42.976   TO   42.978       0.404       0.030
FROM   42.978   TO   42.983       0.400       0.030
FROM   42.983   TO   42.986       0.396       0.030
FROM   42.986   TO   42.988       0.393       0.029
FROM   42.988   TO   42.992       0.389       0.029
FROM   42.992   TO   42.992       0.385       0.029
FROM   42.992   TO   42.995       0.382       0.029
FROM   42.995   TO   42.998       0.378       0.029
FROM   42.998   TO   43.002       0.374       0.029
FROM   43.002   TO   43.002       0.371       0.029
FROM   43.002   TO   43.006       0.367       0.029
FROM   43.006   TO   43.007       0.363       0.029
FROM   43.007   TO   43.007       0.359       0.029
FROM   43.007   TO   43.010       0.356       0.029
FROM   43.010   TO   43.011       0.352       0.029
FROM   43.011   TO   43.015       0.348       0.029
FROM   43.015   TO   43.037       0.345       0.029
FROM   43.037   TO   43.043       0.341       0.029
FROM   43.043   TO   43.048       0.337       0.029
FROM   43.048   TO   43.048       0.334       0.028
FROM   43.048   TO   43.059       0.330       0.028
FROM   43.059   TO   43.061       0.326       0.028
FROM   43.061   TO   43.067       0.323       0.028
FROM   43.067   TO   43.077       0.319       0.028
FROM   43.077   TO   43.079       0.315       0.028
FROM   43.079   TO   43.089       0.312       0.028
       43.086 C 
FROM   43.089   TO   43.098       0.308       0.028
FROM   43.098   TO   43.102       0.304       0.028
FROM   43.102   TO   43.110       0.301       0.028
FROM   43.110   TO   43.112       0.297       0.028
FROM   43.112   TO   43.132       0.293       0.027
FROM   43.132   TO   43.135       0.290       0.027
FROM   43.135   TO   43.150       0.286       0.027
FROM   43.150   TO   43.151       0.282       0.027
FROM   43.151   TO   43.151       0.279       0.027
FROM   43.151   TO   43.156       0.275       0.027
FROM   43.156   TO   43.163       0.271       0.027
FROM   43.163   TO   43.164       0.268       0.027
FROM   43.164   TO   43.165       0.264       0.027
FROM   43.165   TO   43.176       0.260       0.026
       43.170 C 
FROM   43.176   TO   43.177       0.257       0.026
FROM   43.177   TO   43.185       0.253       0.026
FROM   43.185   TO   43.186       0.249       0.026
FROM   43.186   TO   43.187       0.246       0.026
FROM   43.187   TO   43.200       0.242       0.026
FROM   43.200   TO   43.218       0.238       0.026
FROM   43.218   TO   43.221       0.235       0.025
FROM   43.221   TO   43.231       0.231       0.025
FROM   43.231   TO   43.237       0.228       0.025
       43.231 C 
FROM   43.237   TO   43.247       0.224       0.025
FROM   43.247   TO   43.247       0.220       0.025
FROM   43.247   TO   43.252       0.217       0.025
FROM   43.252   TO   43.255       0.213       0.025
FROM   43.255   TO   43.259       0.209       0.024
FROM   43.259   TO   43.262       0.206       0.024
FROM   43.262   TO   43.270       0.202       0.024
FROM   43.270   TO   43.275       0.199       0.024
FROM   43.275   TO   43.284       0.195       0.024
FROM   43.284   TO   43.288       0.191       0.024
FROM   43.288   TO   43.290       0.188       0.023
FROM   43.290   TO   43.302       0.184       0.023
FROM   43.302   TO   43.303       0.180       0.023
FROM   43.303   TO   43.303       0.177       0.023
FROM   43.303   TO   43.306       0.173       0.023
FROM   43.306   TO   43.308       0.166       0.022
FROM   43.308   TO   43.315       0.162       0.022
FROM   43.315   TO   43.332       0.159       0.022
FROM   43.332   TO   43.332       0.155       0.022
FROM   43.332   TO   43.356       0.151       0.022
       43.353 C 
FROM   43.356   TO   43.364       0.148       0.021
FROM   43.364   TO   43.372       0.144       0.021
FROM   43.372   TO   43.375       0.141       0.021
FROM   43.375   TO   43.383       0.137       0.021
FROM   43.383   TO   43.390       0.133       0.020
FROM   43.390   TO   43.394       0.130       0.020
FROM   43.394   TO   43.397       0.126       0.020
FROM   43.397   TO   43.419       0.123       0.020
FROM   43.419   TO   43.428       0.119       0.019
FROM   43.428   TO   43.438       0.115       0.019
FROM   43.438   TO   43.438       0.112       0.019
FROM   43.438   TO   43.444       0.108       0.019
FROM   43.444   TO   43.445       0.104       0.018
FROM   43.445   TO   43.450       0.101       0.018
FROM   43.450   TO   43.452       0.097       0.018
FROM   43.452   TO   43.462       0.094       0.017
FROM   43.462   TO   43.464       0.090       0.017
FROM   43.464   TO   43.472       0.086       0.017
FROM   43.472   TO   43.478       0.083       0.017
FROM   43.478   TO   43.488       0.079       0.016
FROM   43.488   TO   43.493       0.076       0.016
FROM   43.493   TO   43.500       0.072       0.016
FROM   43.500   TO   43.512       0.068       0.015
       43.510 C 
FROM   43.512   TO   43.516       0.065       0.015
FROM   43.516   TO   43.525       0.061       0.014
FROM   43.525   TO   43.532       0.058       0.014
FROM   43.532   TO   43.536       0.054       0.014
FROM   43.536   TO   43.581       0.050       0.013
FROM   43.581   TO   43.590       0.047       0.013
FROM   43.590   TO   43.612       0.043       0.012
FROM   43.612   TO   43.625       0.040       0.012
FROM   43.625   TO   43.639       0.036       0.011
FROM   43.639   TO   43.648       0.032       0.011
FROM   43.648   TO   43.665       0.029       0.010
FROM   43.665   TO   43.689       0.025       0.009
FROM   43.689   TO   43.694       0.022       0.009
FROM   43.694   TO   43.698       0.018       0.008
FROM   43.698   TO   43.724       0.014       0.007
FROM   43.724   TO   43.758       0.011       0.006
FROM   43.758   TO   43.913       0.007       0.005
FROM   43.913   TO   44.005       0.004       0.004
FROM   44.005   ONWARDS          -0.000       0.000
    
        PERCENTILES    
         75 TH     50 TH     25 TH
         42.507    42.878    43.184
    
        MEAN=    42.796 +/- 0.034
 
