    
    
        KAPLAN-MEIER ESTIMATOR
    
        TITLE : L350 Distribution                                                               
    
        DATA FILE : l350_asur
    
        VARIABLE : L350     
    
    
        # OF DATA POINTS : 275 # OF UPPER LIMITS :  66
    
    
          VARIABLE RANGE      KM ESTIMATOR   ERROR
FROM    0.000   TO   40.653       1.000
FROM   40.653   TO   40.835       0.987       0.013
FROM   40.835   TO   40.993       0.974       0.017
FROM   40.993   TO   41.047       0.961       0.020
FROM   41.047   TO   41.300       0.948       0.022
FROM   41.300   TO   41.367       0.935       0.024
FROM   41.367   TO   41.399       0.922       0.025
FROM   41.399   TO   41.477       0.909       0.025
       41.402 C 
FROM   41.477   TO   41.496       0.897       0.026
FROM   41.496   TO   41.520       0.886       0.026
       41.498 C 
FROM   41.520   TO   41.593       0.876       0.026
       41.523 C 
FROM   41.593   TO   41.641       0.866       0.026
       41.596 C 
       41.639 C 
       41.640 C 
FROM   41.641   TO   41.717       0.858       0.026
       41.663 C 
       41.683 C 
FROM   41.717   TO   41.718       0.851       0.027
FROM   41.718   TO   41.745       0.844       0.027
FROM   41.745   TO   41.746       0.837       0.027
FROM   41.746   TO   41.751       0.830       0.028
FROM   41.751   TO   41.770       0.823       0.028
FROM   41.770   TO   41.828       0.816       0.028
       41.778 C 
       41.811 C 
FROM   41.828   TO   41.828       0.809       0.028
FROM   41.828   TO   41.880       0.803       0.029
       41.880 C 
FROM   41.880   TO   41.887       0.796       0.029
FROM   41.887   TO   41.927       0.790       0.029
       41.914 C 
FROM   41.927   TO   41.929       0.784       0.029
FROM   41.929   TO   41.951       0.777       0.029
       41.943 C 
FROM   41.951   TO   41.979       0.771       0.029
       41.978 C 
FROM   41.979   TO   41.983       0.766       0.030
FROM   41.983   TO   41.984       0.760       0.030
FROM   41.984   TO   41.993       0.754       0.030
FROM   41.993   TO   42.007       0.748       0.030
FROM   42.007   TO   42.029       0.742       0.030
       42.007 C 
FROM   42.029   TO   42.038       0.736       0.030
FROM   42.038   TO   42.041       0.731       0.030
FROM   42.041   TO   42.047       0.725       0.030
       42.045 C 
FROM   42.047   TO   42.049       0.719       0.031
FROM   42.049   TO   42.052       0.714       0.031
FROM   42.052   TO   42.059       0.708       0.031
FROM   42.059   TO   42.072       0.703       0.031
       42.072 C 
FROM   42.072   TO   42.077       0.697       0.031
FROM   42.077   TO   42.089       0.692       0.031
       42.084 C 
FROM   42.089   TO   42.092       0.686       0.031
FROM   42.092   TO   42.103       0.681       0.031
       42.098 C 
FROM   42.103   TO   42.105       0.675       0.031
FROM   42.105   TO   42.108       0.670       0.031
FROM   42.108   TO   42.112       0.665       0.031
FROM   42.112   TO   42.114       0.659       0.031
FROM   42.114   TO   42.131       0.654       0.031
FROM   42.131   TO   42.149       0.649       0.031
       42.132 C 
FROM   42.149   TO   42.161       0.644       0.031
       42.156 C 
FROM   42.161   TO   42.164       0.638       0.031
       42.164 C 
FROM   42.164   TO   42.165       0.633       0.031
FROM   42.165   TO   42.204       0.628       0.031
       42.197 C 
FROM   42.204   TO   42.209       0.623       0.031
FROM   42.209   TO   42.211       0.618       0.031
       42.211 C 
FROM   42.211   TO   42.219       0.613       0.031
       42.212 C 
       42.216 C 
       42.217 C 
FROM   42.219   TO   42.235       0.608       0.031
       42.228 C 
       42.232 C 
FROM   42.235   TO   42.243       0.604       0.031
FROM   42.243   TO   42.258       0.599       0.032
FROM   42.258   TO   42.263       0.594       0.032
FROM   42.263   TO   42.267       0.590       0.032
FROM   42.267   TO   42.288       0.585       0.032
       42.270 C 
FROM   42.288   TO   42.292       0.580       0.032
FROM   42.292   TO   42.293       0.576       0.032
FROM   42.293   TO   42.299       0.571       0.032
FROM   42.299   TO   42.299       0.567       0.032
FROM   42.299   TO   42.301       0.562       0.032
FROM   42.301   TO   42.306       0.557       0.032
FROM   42.306   TO   42.308       0.553       0.032
FROM   42.308   TO   42.320       0.548       0.032
       42.309 C 
       42.309 C 
       42.311 C 
FROM   42.320   TO   42.329       0.544       0.032
       42.320 C 
FROM   42.329   TO   42.336       0.539       0.032
       42.330 C 
FROM   42.336   TO   42.343       0.535       0.032
       42.337 C 
FROM   42.343   TO   42.344       0.531       0.032
FROM   42.344   TO   42.345       0.526       0.032
FROM   42.345   TO   42.346       0.522       0.032
FROM   42.346   TO   42.350       0.517       0.031
FROM   42.350   TO   42.355       0.513       0.031
FROM   42.355   TO   42.364       0.509       0.031
FROM   42.364   TO   42.370       0.504       0.031
FROM   42.370   TO   42.373       0.500       0.031
FROM   42.373   TO   42.376       0.496       0.031
FROM   42.376   TO   42.376       0.491       0.031
FROM   42.376   TO   42.382       0.487       0.031
FROM   42.382   TO   42.385       0.483       0.031
FROM   42.385   TO   42.405       0.478       0.031
       42.395 C 
FROM   42.405   TO   42.410       0.474       0.031
       42.407 C 
FROM   42.410   TO   42.410       0.470       0.031
FROM   42.410   TO   42.414       0.466       0.031
FROM   42.414   TO   42.423       0.461       0.031
       42.421 C 
       42.422 C 
FROM   42.423   TO   42.433       0.457       0.031
       42.423 C 
FROM   42.433   TO   42.437       0.453       0.031
FROM   42.437   TO   42.438       0.449       0.031
FROM   42.438   TO   42.440       0.444       0.031
FROM   42.440   TO   42.450       0.440       0.031
FROM   42.450   TO   42.456       0.436       0.031
FROM   42.456   TO   42.464       0.432       0.031
       42.464 C 
FROM   42.464   TO   42.467       0.428       0.031
FROM   42.467   TO   42.468       0.424       0.031
FROM   42.468   TO   42.472       0.420       0.031
       42.472 C 
FROM   42.472   TO   42.473       0.415       0.030
FROM   42.473   TO   42.476       0.411       0.030
FROM   42.476   TO   42.477       0.407       0.030
FROM   42.477   TO   42.480       0.403       0.030
       42.478 C 
FROM   42.480   TO   42.484       0.399       0.030
FROM   42.484   TO   42.488       0.395       0.030
FROM   42.488   TO   42.493       0.391       0.030
FROM   42.493   TO   42.502       0.387       0.030
FROM   42.502   TO   42.507       0.379       0.030
FROM   42.507   TO   42.507       0.374       0.030
FROM   42.507   TO   42.507       0.370       0.030
FROM   42.507   TO   42.525       0.366       0.030
       42.511 C 
       42.518 C 
       42.523 C 
       42.525 C 
FROM   42.525   TO   42.544       0.362       0.029
       42.526 C 
       42.538 C 
FROM   42.544   TO   42.545       0.358       0.029
FROM   42.545   TO   42.557       0.354       0.029
       42.553 C 
FROM   42.557   TO   42.557       0.350       0.029
FROM   42.557   TO   42.566       0.347       0.029
       42.562 C 
FROM   42.566   TO   42.570       0.343       0.029
FROM   42.570   TO   42.583       0.339       0.029
       42.575 C 
FROM   42.583   TO   42.585       0.335       0.029
FROM   42.585   TO   42.600       0.331       0.029
FROM   42.600   TO   42.604       0.327       0.029
FROM   42.604   TO   42.605       0.323       0.029
FROM   42.605   TO   42.612       0.319       0.028
       42.605 C 
FROM   42.612   TO   42.612       0.316       0.028
FROM   42.612   TO   42.617       0.312       0.028
       42.617 C 
FROM   42.617   TO   42.629       0.308       0.028
FROM   42.629   TO   42.633       0.304       0.028
FROM   42.633   TO   42.635       0.300       0.028
FROM   42.635   TO   42.641       0.296       0.028
       42.636 C 
FROM   42.641   TO   42.645       0.293       0.028
FROM   42.645   TO   42.646       0.289       0.028
FROM   42.646   TO   42.656       0.281       0.027
FROM   42.656   TO   42.670       0.277       0.027
       42.668 C 
FROM   42.670   TO   42.671       0.274       0.027
FROM   42.671   TO   42.673       0.270       0.027
FROM   42.673   TO   42.675       0.266       0.027
FROM   42.675   TO   42.679       0.262       0.027
FROM   42.679   TO   42.689       0.259       0.027
FROM   42.689   TO   42.690       0.255       0.027
FROM   42.690   TO   42.693       0.251       0.026
       42.692 C 
FROM   42.693   TO   42.694       0.247       0.026
FROM   42.694   TO   42.699       0.243       0.026
FROM   42.699   TO   42.725       0.240       0.026
FROM   42.725   TO   42.730       0.236       0.026
FROM   42.730   TO   42.735       0.232       0.026
FROM   42.735   TO   42.747       0.228       0.025
       42.745 C 
FROM   42.747   TO   42.752       0.225       0.025
FROM   42.752   TO   42.754       0.221       0.025
FROM   42.754   TO   42.757       0.217       0.025
FROM   42.757   TO   42.767       0.213       0.025
FROM   42.767   TO   42.769       0.210       0.025
FROM   42.769   TO   42.776       0.206       0.025
FROM   42.776   TO   42.778       0.202       0.024
FROM   42.778   TO   42.781       0.198       0.024
FROM   42.781   TO   42.786       0.195       0.024
FROM   42.786   TO   42.789       0.191       0.024
       42.789 C 
FROM   42.789   TO   42.797       0.187       0.024
FROM   42.797   TO   42.797       0.183       0.023
FROM   42.797   TO   42.806       0.180       0.023
       42.798 C 
FROM   42.806   TO   42.807       0.176       0.023
FROM   42.807   TO   42.827       0.172       0.023
       42.810 C 
FROM   42.827   TO   42.830       0.169       0.023
FROM   42.830   TO   42.832       0.165       0.022
FROM   42.832   TO   42.834       0.161       0.022
FROM   42.834   TO   42.841       0.158       0.022
FROM   42.841   TO   42.852       0.154       0.022
FROM   42.852   TO   42.865       0.150       0.022
FROM   42.865   TO   42.873       0.146       0.021
       42.867 C 
FROM   42.873   TO   42.880       0.143       0.021
FROM   42.880   TO   42.884       0.139       0.021
FROM   42.884   TO   42.891       0.135       0.021
FROM   42.891   TO   42.896       0.132       0.020
FROM   42.896   TO   42.903       0.128       0.020
FROM   42.903   TO   42.912       0.124       0.020
FROM   42.912   TO   42.944       0.121       0.020
FROM   42.944   TO   42.961       0.117       0.019
FROM   42.961   TO   42.968       0.113       0.019
FROM   42.968   TO   42.969       0.110       0.019
FROM   42.969   TO   42.970       0.106       0.019
FROM   42.970   TO   42.975       0.102       0.018
       42.970 C 
FROM   42.975   TO   42.976       0.099       0.018
FROM   42.976   TO   42.977       0.095       0.018
FROM   42.977   TO   42.981       0.091       0.017
FROM   42.981   TO   42.983       0.088       0.017
FROM   42.983   TO   42.983       0.084       0.017
FROM   42.983   TO   42.984       0.080       0.016
FROM   42.984   TO   43.004       0.077       0.016
FROM   43.004   TO   43.007       0.073       0.016
FROM   43.007   TO   43.053       0.069       0.015
FROM   43.053   TO   43.060       0.066       0.015
FROM   43.060   TO   43.070       0.062       0.015
FROM   43.070   TO   43.071       0.058       0.014
FROM   43.071   TO   43.094       0.055       0.014
FROM   43.094   TO   43.096       0.051       0.013
FROM   43.096   TO   43.120       0.047       0.013
       43.111 C 
FROM   43.120   TO   43.126       0.044       0.012
FROM   43.126   TO   43.131       0.040       0.012
FROM   43.131   TO   43.155       0.036       0.011
FROM   43.155   TO   43.160       0.033       0.011
FROM   43.160   TO   43.171       0.029       0.010
FROM   43.171   TO   43.179       0.025       0.010
FROM   43.179   TO   43.221       0.022       0.009
       43.192 C 
FROM   43.221   TO   43.261       0.018       0.008
FROM   43.261   TO   43.273       0.015       0.007
FROM   43.273   TO   43.346       0.011       0.006
FROM   43.346   TO   43.364       0.007       0.005
FROM   43.364   TO   43.459       0.004       0.004
FROM   43.459   ONWARDS           0.000       0.000
    
        PERCENTILES    
         75 TH     50 TH     25 TH
         41.990    42.370    42.691
    
        MEAN=    42.293 +/- 0.038
 
