 Tau(1,2):   6.26289397E-02
 Tau(1,3):  0.124226347    
 Tau(2,3):  0.445033878    
 --> Partial Kendalls tau:   8.26490857E-03
   
 Calculating variance...this takes some time....
   
           1
           2
           3
           4
           5
           6
           7
           8
           9
          10
          11
          12
          13
          14
          15
          16
          17
          18
          19
          20
          21
          22
          23
          24
          25
          26
          27
          28
          29
          30
          31
          32
          33
          34
          35
          36
          37
          38
          39
          40
          41
          42
          43
          44
          45
          46
          47
          48
          49
          50
          51
          52
          53
          54
          55
          56
          57
          58
          59
          60
          61
          62
          63
          64
          65
          66
          67
          68
          69
          70
          71
          72
          73
          74
          75
          76
          77
          78
          79
          80
          81
          82
          83
          84
          85
          86
          87
          88
          89
          90
          91
          92
          93
          94
          95
          96
          97
          98
          99
         100
         101
         102
         103
         104
         105
         106
         107
         108
         109
         110
         111
         112
         113
         114
         115
         116
         117
 Square root of variance (sigma):   4.10061628E-02
   
 Z-score:   0.201552838    
 Null hypothesis cannot be rejected!
 (--> No correlation present, if influence of         third variable is excluded)
