    
    
        KAPLAN-MEIER ESTIMATOR
    
        TITLE : L500 Distribution                                                               
    
        DATA FILE : l500_asur
    
        VARIABLE : L500     
    
    
        # OF DATA POINTS : 313 # OF UPPER LIMITS : 169
    
    
          VARIABLE RANGE      KM ESTIMATOR   ERROR
FROM    0.000   TO   40.314       1.000
FROM   40.314   TO   40.746       0.895       0.051
       40.635 C 
FROM   40.746   TO   40.925       0.843       0.043
       40.752 C 
       40.775 C 
       40.794 C 
       40.800 C 
FROM   40.925   TO   40.937       0.821       0.043
FROM   40.937   TO   41.096       0.798       0.042
       41.014 C 
       41.024 C 
       41.079 C 
FROM   41.096   TO   41.129       0.782       0.042
FROM   41.129   TO   41.197       0.765       0.042
       41.171 C 
       41.190 C 
FROM   41.197   TO   41.206       0.750       0.042
FROM   41.206   TO   41.211       0.735       0.042
FROM   41.211   TO   41.228       0.721       0.041
       41.220 C 
FROM   41.228   TO   41.304       0.707       0.041
       41.245 C 
       41.275 C 
FROM   41.304   TO   41.327       0.694       0.041
       41.319 C 
       41.322 C 
FROM   41.327   TO   41.356       0.682       0.040
       41.333 C 
       41.340 C 
       41.346 C 
FROM   41.356   TO   41.368       0.672       0.040
FROM   41.368   TO   41.404       0.661       0.040
FROM   41.404   TO   41.451       0.650       0.040
       41.424 C 
       41.435 C 
FROM   41.451   TO   41.457       0.640       0.040
FROM   41.457   TO   41.461       0.630       0.040
FROM   41.461   TO   41.475       0.621       0.040
FROM   41.475   TO   41.480       0.611       0.039
       41.479 C 
FROM   41.480   TO   41.480       0.601       0.039
FROM   41.480   TO   41.498       0.591       0.039
       41.487 C 
FROM   41.498   TO   41.507       0.582       0.039
FROM   41.507   TO   41.557       0.572       0.038
       41.539 C 
       41.541 C 
       41.551 C 
       41.553 C 
       41.555 C 
       41.556 C 
FROM   41.557   TO   41.570       0.564       0.038
       41.566 C 
       41.570 C 
FROM   41.570   TO   41.590       0.556       0.038
FROM   41.590   TO   41.594       0.547       0.038
FROM   41.594   TO   41.596       0.539       0.037
FROM   41.596   TO   41.631       0.531       0.037
       41.601 C 
       41.616 C 
FROM   41.631   TO   41.637       0.524       0.037
       41.634 C 
FROM   41.637   TO   41.648       0.516       0.037
       41.648 C 
FROM   41.648   TO   41.658       0.508       0.037
FROM   41.658   TO   41.661       0.501       0.036
FROM   41.661   TO   41.661       0.493       0.036
FROM   41.661   TO   41.672       0.486       0.036
       41.666 C 
       41.668 C 
FROM   41.672   TO   41.685       0.471       0.035
       41.676 C 
       41.684 C 
FROM   41.685   TO   41.698       0.464       0.035
       41.686 C 
       41.688 C 
FROM   41.698   TO   41.714       0.457       0.035
       41.709 C 
       41.712 C 
FROM   41.714   TO   41.720       0.450       0.035
FROM   41.720   TO   41.734       0.443       0.034
       41.721 C 
FROM   41.734   TO   41.735       0.436       0.034
FROM   41.735   TO   41.742       0.430       0.034
FROM   41.742   TO   41.791       0.423       0.034
       41.745 C 
       41.747 C 
       41.762 C 
       41.785 C 
       41.787 C 
FROM   41.791   TO   41.805       0.417       0.033
       41.795 C 
       41.795 C 
       41.798 C 
       41.802 C 
FROM   41.805   TO   41.828       0.411       0.033
       41.822 C 
       41.823 C 
FROM   41.828   TO   41.830       0.405       0.033
FROM   41.830   TO   41.831       0.399       0.033
FROM   41.831   TO   41.832       0.393       0.033
FROM   41.832   TO   41.832       0.387       0.032
FROM   41.832   TO   41.834       0.381       0.032
FROM   41.834   TO   41.853       0.375       0.032
       41.836 C 
       41.840 C 
       41.843 C 
       41.844 C 
       41.846 C 
       41.852 C 
       41.852 C 
FROM   41.853   TO   41.856       0.369       0.032
FROM   41.856   TO   41.862       0.364       0.031
       41.857 C 
FROM   41.862   TO   41.874       0.358       0.031
       41.862 C 
       41.866 C 
       41.866 C 
       41.869 C 
FROM   41.874   TO   41.891       0.353       0.031
       41.876 C 
       41.880 C 
       41.890 C 
FROM   41.891   TO   41.895       0.348       0.031
FROM   41.895   TO   41.897       0.342       0.031
       41.896 C 
FROM   41.897   TO   41.901       0.337       0.030
FROM   41.901   TO   41.938       0.332       0.030
       41.901 C 
       41.903 C 
       41.927 C 
       41.930 C 
FROM   41.938   TO   41.939       0.327       0.030
FROM   41.939   TO   41.951       0.322       0.030
       41.943 C 
FROM   41.951   TO   41.953       0.317       0.030
FROM   41.953   TO   41.957       0.312       0.029
FROM   41.957   TO   41.966       0.307       0.029
       41.961 C 
FROM   41.966   TO   41.976       0.302       0.029
       41.969 C 
FROM   41.976   TO   41.983       0.297       0.029
       41.981 C 
FROM   41.983   TO   42.005       0.292       0.028
       42.001 C 
       42.001 C 
       42.002 C 
       42.003 C 
FROM   42.005   TO   42.020       0.288       0.028
       42.012 C 
       42.014 C 
FROM   42.020   TO   42.023       0.283       0.028
FROM   42.023   TO   42.025       0.278       0.028
       42.025 C 
FROM   42.025   TO   42.032       0.274       0.028
FROM   42.032   TO   42.034       0.269       0.027
FROM   42.034   TO   42.034       0.264       0.027
FROM   42.034   TO   42.037       0.260       0.027
FROM   42.037   TO   42.041       0.255       0.027
FROM   42.041   TO   42.051       0.250       0.027
       42.048 C 
       42.050 C 
       42.050 C 
FROM   42.051   TO   42.052       0.246       0.026
       42.052 C 
FROM   42.052   TO   42.053       0.241       0.026
FROM   42.053   TO   42.059       0.237       0.026
       42.053 C 
       42.057 C 
FROM   42.059   TO   42.067       0.232       0.026
       42.060 C 
       42.066 C 
FROM   42.067   TO   42.075       0.228       0.025
FROM   42.075   TO   42.092       0.223       0.025
       42.076 C 
       42.081 C 
       42.082 C 
       42.085 C 
FROM   42.092   TO   42.105       0.219       0.025
       42.097 C 
       42.099 C 
       42.102 C 
       42.104 C 
       42.105 C 
FROM   42.105   TO   42.132       0.215       0.025
       42.108 C 
       42.111 C 
FROM   42.132   TO   42.137       0.210       0.024
       42.136 C 
FROM   42.137   TO   42.147       0.206       0.024
       42.138 C 
       42.143 C 
       42.144 C 
       42.145 C 
FROM   42.147   TO   42.152       0.202       0.024
       42.152 C 
FROM   42.152   TO   42.152       0.198       0.024
FROM   42.152   TO   42.156       0.194       0.023
FROM   42.156   TO   42.158       0.190       0.023
FROM   42.158   TO   42.168       0.186       0.023
FROM   42.168   TO   42.175       0.182       0.023
       42.172 C 
       42.173 C 
FROM   42.175   TO   42.181       0.178       0.023
       42.175 C 
FROM   42.181   TO   42.202       0.174       0.022
       42.182 C 
       42.187 C 
       42.190 C 
       42.190 C 
       42.199 C 
FROM   42.202   TO   42.209       0.170       0.022
       42.205 C 
FROM   42.209   TO   42.217       0.166       0.022
       42.214 C 
FROM   42.217   TO   42.228       0.162       0.022
       42.219 C 
       42.221 C 
       42.221 C 
       42.221 C 
       42.228 C 
FROM   42.228   TO   42.228       0.159       0.021
FROM   42.228   TO   42.235       0.155       0.021
       42.229 C 
       42.232 C 
FROM   42.235   TO   42.238       0.151       0.021
FROM   42.238   TO   42.247       0.147       0.021
       42.238 C 
       42.241 C 
       42.243 C 
       42.245 C 
       42.245 C 
FROM   42.247   TO   42.247       0.144       0.020
FROM   42.247   TO   42.266       0.140       0.020
       42.253 C 
       42.254 C 
       42.258 C 
       42.259 C 
       42.264 C 
FROM   42.266   TO   42.267       0.136       0.020
FROM   42.267   TO   42.268       0.133       0.020
       42.267 C 
FROM   42.268   TO   42.282       0.129       0.019
       42.270 C 
FROM   42.282   TO   42.294       0.126       0.019
       42.282 C 
       42.289 C 
       42.290 C 
       42.294 C 
FROM   42.294   TO   42.298       0.122       0.019
FROM   42.298   TO   42.299       0.119       0.019
FROM   42.299   TO   42.303       0.115       0.018
       42.299 C 
       42.302 C 
FROM   42.303   TO   42.311       0.112       0.018
       42.309 C 
FROM   42.311   TO   42.316       0.108       0.018
       42.314 C 
FROM   42.316   TO   42.319       0.105       0.018
FROM   42.319   TO   42.322       0.101       0.017
FROM   42.322   TO   42.347       0.098       0.017
       42.322 C 
       42.335 C 
       42.336 C 
       42.346 C 
FROM   42.347   TO   42.352       0.095       0.017
FROM   42.352   TO   42.358       0.091       0.016
       42.356 C 
FROM   42.358   TO   42.363       0.088       0.016
       42.361 C 
FROM   42.363   TO   42.386       0.084       0.016
       42.376 C 
FROM   42.386   TO   42.435       0.081       0.016
       42.397 C 
       42.400 C 
       42.411 C 
       42.412 C 
       42.417 C 
       42.422 C 
       42.429 C 
FROM   42.435   TO   42.441       0.078       0.015
FROM   42.441   TO   42.447       0.075       0.015
FROM   42.447   TO   42.458       0.071       0.015
FROM   42.458   TO   42.470       0.068       0.014
FROM   42.470   TO   42.471       0.065       0.014
FROM   42.471   TO   42.493       0.061       0.014
       42.486 C 
FROM   42.493   TO   42.509       0.058       0.013
FROM   42.509   TO   42.510       0.055       0.013
FROM   42.510   TO   42.519       0.052       0.013
FROM   42.519   TO   42.523       0.048       0.012
FROM   42.523   TO   42.532       0.045       0.012
FROM   42.532   TO   42.537       0.042       0.011
FROM   42.537   TO   42.568       0.039       0.011
       42.554 C 
FROM   42.568   TO   42.578       0.035       0.010
FROM   42.578   TO   42.589       0.032       0.010
FROM   42.589   TO   42.611       0.029       0.010
       42.601 C 
       42.606 C 
FROM   42.611   TO   42.633       0.026       0.009
FROM   42.633   TO   42.728       0.022       0.008
FROM   42.728   TO   42.761       0.019       0.008
FROM   42.761   TO   42.777       0.016       0.007
       42.762 C 
FROM   42.777   TO   42.824       0.013       0.006
FROM   42.824   TO   43.104       0.010       0.006
       42.934 C 
FROM   43.104   TO   43.257       0.006       0.005
FROM   43.257   TO   43.461       0.003       0.003
       43.333 C 
FROM   43.461   ONWARDS           0.000       0.000
          WARNING:  THE FIRST POINT WAS CHANGED TO A DETECTION
                    FOR THE K-M COMPUTATION
    
        PERCENTILES    
         75 TH     50 TH     25 TH
         41.197    41.659    42.042
    
        MEAN=    41.579 +/- 0.054   LIMITED TO     40.314

          SINCE A CENSORED POINT WAS CHANGED TO A DETECTION,
          THE MEAN ESTIMATE IS BIASED.
 
