           ******* TWO SAMPLE TEST ******
    
        TITLE : L250 Seyferts                                                                   
    
        DATA SET : two_sampl
        VARIABLE : L250     
        TESTED GROUPS ARE Sy1       AND Sy2      
     
      # OF DATA POINTS : 271, # OF UPPER LIMITS :  25
      # OF DATA POINTS IN GROUP I  : 130
      # OF DATA POINTS IN GROUP II : 141
     
 DISTINCT FAILURES         R(I)            M(I)        M(I)/R(I)         H(I)
     
           44.005        271.000          1.000          0.004          1.000
     
           43.913        270.000          1.000          0.004          0.996
     
           43.758        269.000          1.000          0.004          0.993
     
           43.698        268.000          1.000          0.004          0.989
     
           43.694        267.000          1.000          0.004          0.985
     
           43.689        266.000          1.000          0.004          0.982
     
           43.665        265.000          1.000          0.004          0.978
     
           43.648        264.000          1.000          0.004          0.974
     
           43.639        263.000          1.000          0.004          0.970
     
           43.625        262.000          1.000          0.004          0.967
     
           43.612        261.000          1.000          0.004          0.963
     
           43.590        260.000          1.000          0.004          0.959
     
           43.581        259.000          1.000          0.004          0.956
     
           43.536        258.000          1.000          0.004          0.952
     
           43.532        257.000          1.000          0.004          0.948
     
           43.525        256.000          1.000          0.004          0.945
     
           43.516        255.000          1.000          0.004          0.941
     
           43.512        254.000          1.000          0.004          0.937
     
           43.500        253.000          1.000          0.004          0.934
     
           43.493        252.000          1.000          0.004          0.930
     
           43.488        251.000          1.000          0.004          0.926
     
           43.478        250.000          1.000          0.004          0.923
     
           43.472        249.000          1.000          0.004          0.919
     
           43.464        248.000          1.000          0.004          0.915
     
           43.462        247.000          1.000          0.004          0.911
     
           43.452        246.000          1.000          0.004          0.908
     
           43.450        245.000          1.000          0.004          0.904
     
           43.445        244.000          1.000          0.004          0.900
     
           43.444        243.000          1.000          0.004          0.897
     
           43.438        242.000          1.000          0.004          0.893
     
           43.438        241.000          1.000          0.004          0.889
     
           43.428        240.000          1.000          0.004          0.886
     
           43.419        239.000          1.000          0.004          0.882
     
           43.397        238.000          1.000          0.004          0.878
     
           43.394        237.000          1.000          0.004          0.875
     
           43.390        236.000          1.000          0.004          0.871
     
           43.383        235.000          1.000          0.004          0.867
     
           43.375        234.000          1.000          0.004          0.863
     
           43.372        233.000          1.000          0.004          0.860
     
           43.364        232.000          1.000          0.004          0.856
     
           43.356        231.000          1.000          0.004          0.852
     
           43.332        229.000          1.000          0.004          0.849
     
           43.332        228.000          1.000          0.004          0.845
     
           43.315        227.000          1.000          0.004          0.841
     
           43.308        226.000          1.000          0.004          0.838
     
           43.306        225.000          2.000          0.009          0.834
     
           43.303        223.000          1.000          0.004          0.826
     
           43.303        222.000          1.000          0.005          0.823
     
           43.302        221.000          1.000          0.005          0.819
     
           43.290        220.000          1.000          0.005          0.815
     
           43.288        219.000          1.000          0.005          0.812
     
           43.284        218.000          1.000          0.005          0.808
     
           43.275        217.000          1.000          0.005          0.804
     
           43.270        216.000          1.000          0.005          0.801
     
           43.262        215.000          1.000          0.005          0.797
     
           43.259        214.000          1.000          0.005          0.793
     
           43.255        213.000          1.000          0.005          0.789
     
           43.252        212.000          1.000          0.005          0.786
     
           43.247        211.000          1.000          0.005          0.782
     
           43.247        210.000          1.000          0.005          0.778
     
           43.237        209.000          1.000          0.005          0.775
     
           43.231        208.000          1.000          0.005          0.771
     
           43.221        207.000          1.000          0.005          0.767
     
           43.218        206.000          1.000          0.005          0.763
     
           43.200        205.000          1.000          0.005          0.760
     
           43.187        204.000          1.000          0.005          0.756
     
           43.186        203.000          1.000          0.005          0.752
     
           43.185        202.000          1.000          0.005          0.749
     
           43.177        201.000          1.000          0.005          0.745
     
           43.176        200.000          1.000          0.005          0.741
     
           43.165        199.000          1.000          0.005          0.738
     
           43.164        198.000          1.000          0.005          0.734
     
           43.163        197.000          1.000          0.005          0.730
     
           43.156        196.000          1.000          0.005          0.726
     
           43.151        195.000          1.000          0.005          0.723
     
           43.151        194.000          1.000          0.005          0.719
     
           43.150        193.000          1.000          0.005          0.715
     
           43.135        192.000          1.000          0.005          0.712
     
           43.132        191.000          1.000          0.005          0.708
     
           43.112        190.000          1.000          0.005          0.704
     
           43.110        189.000          1.000          0.005          0.700
     
           43.102        188.000          1.000          0.005          0.697
     
           43.098        187.000          1.000          0.005          0.693
     
           43.089        186.000          1.000          0.005          0.689
     
           43.079        184.000          1.000          0.005          0.686
     
           43.077        183.000          1.000          0.005          0.682
     
           43.067        182.000          1.000          0.005          0.678
     
           43.061        181.000          1.000          0.006          0.674
     
           43.059        180.000          1.000          0.006          0.671
     
           43.048        179.000          1.000          0.006          0.667
     
           43.048        178.000          1.000          0.006          0.663
     
           43.043        177.000          1.000          0.006          0.660
     
           43.037        176.000          1.000          0.006          0.656
     
           43.015        175.000          1.000          0.006          0.652
     
           43.011        174.000          1.000          0.006          0.648
     
           43.010        173.000          1.000          0.006          0.645
     
           43.007        172.000          1.000          0.006          0.641
     
           43.007        171.000          1.000          0.006          0.637
     
           43.006        170.000          1.000          0.006          0.633
     
           43.002        169.000          1.000          0.006          0.630
     
           43.002        168.000          1.000          0.006          0.626
     
           42.998        167.000          1.000          0.006          0.622
     
           42.995        166.000          1.000          0.006          0.619
     
           42.992        165.000          1.000          0.006          0.615
     
           42.992        164.000          1.000          0.006          0.611
     
           42.988        163.000          1.000          0.006          0.607
     
           42.986        162.000          1.000          0.006          0.604
     
           42.983        161.000          1.000          0.006          0.600
     
           42.978        160.000          1.000          0.006          0.596
     
           42.976        159.000          1.000          0.006          0.592
     
           42.969        158.000          1.000          0.006          0.589
     
           42.969        157.000          1.000          0.006          0.585
     
           42.964        156.000          1.000          0.006          0.581
     
           42.963        155.000          1.000          0.006          0.578
     
           42.961        154.000          1.000          0.006          0.574
     
           42.953        153.000          1.000          0.007          0.570
     
           42.951        152.000          1.000          0.007          0.566
     
           42.948        151.000          1.000          0.007          0.563
     
           42.943        150.000          1.000          0.007          0.559
     
           42.936        149.000          1.000          0.007          0.555
     
           42.930        148.000          1.000          0.007          0.551
     
           42.929        147.000          1.000          0.007          0.548
     
           42.926        146.000          1.000          0.007          0.544
     
           42.920        145.000          1.000          0.007          0.540
     
           42.913        143.000          1.000          0.007          0.537
     
           42.911        142.000          1.000          0.007          0.533
     
           42.908        141.000          1.000          0.007          0.529
     
           42.907        140.000          1.000          0.007          0.525
     
           42.905        139.000          1.000          0.007          0.522
     
           42.904        138.000          1.000          0.007          0.518
     
           42.899        137.000          1.000          0.007          0.514
     
           42.886        136.000          1.000          0.007          0.510
     
           42.883        135.000          1.000          0.007          0.507
     
           42.880        134.000          1.000          0.007          0.503
     
           42.871        133.000          1.000          0.008          0.499
     
           42.870        132.000          1.000          0.008          0.495
     
           42.867        131.000          1.000          0.008          0.492
     
           42.864        130.000          1.000          0.008          0.488
     
           42.850        129.000          1.000          0.008          0.484
     
           42.850        128.000          1.000          0.008          0.480
     
           42.841        127.000          1.000          0.008          0.477
     
           42.837        126.000          1.000          0.008          0.473
     
           42.833        125.000          1.000          0.008          0.469
     
           42.826        124.000          1.000          0.008          0.465
     
           42.818        123.000          1.000          0.008          0.462
     
           42.812        122.000          1.000          0.008          0.458
     
           42.811        121.000          1.000          0.008          0.454
     
           42.806        120.000          1.000          0.008          0.450
     
           42.805        119.000          1.000          0.008          0.447
     
           42.804        118.000          1.000          0.008          0.443
     
           42.799        117.000          1.000          0.009          0.439
     
           42.788        116.000          1.000          0.009          0.435
     
           42.786        115.000          1.000          0.009          0.432
     
           42.781        114.000          1.000          0.009          0.428
     
           42.772        113.000          1.000          0.009          0.424
     
           42.770        112.000          1.000          0.009          0.420
     
           42.767        111.000          1.000          0.009          0.417
     
           42.764        110.000          1.000          0.009          0.413
     
           42.757        109.000          1.000          0.009          0.409
     
           42.747        108.000          1.000          0.009          0.405
     
           42.743        107.000          1.000          0.009          0.402
     
           42.741        106.000          1.000          0.009          0.398
     
           42.729        105.000          1.000          0.010          0.394
     
           42.726        104.000          1.000          0.010          0.390
     
           42.714        103.000          1.000          0.010          0.386
     
           42.707        102.000          1.000          0.010          0.383
     
           42.706        101.000          1.000          0.010          0.379
     
           42.683        100.000          1.000          0.010          0.375
     
           42.669         98.000          1.000          0.010          0.371
     
           42.662         97.000          1.000          0.010          0.368
     
           42.659         96.000          1.000          0.010          0.364
     
           42.656         95.000          1.000          0.011          0.360
     
           42.648         94.000          1.000          0.011          0.356
     
           42.639         93.000          1.000          0.011          0.353
     
           42.629         92.000          1.000          0.011          0.349
     
           42.628         91.000          1.000          0.011          0.345
     
           42.611         90.000          1.000          0.011          0.341
     
           42.607         89.000          1.000          0.011          0.337
     
           42.602         88.000          1.000          0.011          0.334
     
           42.593         87.000          1.000          0.011          0.330
     
           42.578         86.000          1.000          0.012          0.326
     
           42.572         85.000          1.000          0.012          0.322
     
           42.571         84.000          1.000          0.012          0.318
     
           42.569         83.000          1.000          0.012          0.315
     
           42.568         82.000          1.000          0.012          0.311
     
           42.562         81.000          1.000          0.012          0.307
     
           42.549         80.000          1.000          0.013          0.303
     
           42.549         79.000          1.000          0.013          0.299
     
           42.547         78.000          1.000          0.013          0.296
     
           42.544         77.000          1.000          0.013          0.292
     
           42.544         76.000          1.000          0.013          0.288
     
           42.535         75.000          1.000          0.013          0.284
     
           42.533         74.000          1.000          0.014          0.281
     
           42.532         73.000          1.000          0.014          0.277
     
           42.520         72.000          1.000          0.014          0.273
     
           42.511         71.000          1.000          0.014          0.269
     
           42.509         70.000          1.000          0.014          0.265
     
           42.508         69.000          1.000          0.014          0.262
     
           42.505         68.000          1.000          0.015          0.258
     
           42.503         67.000          1.000          0.015          0.254
     
           42.501         66.000          1.000          0.015          0.250
     
           42.462         65.000          1.000          0.015          0.246
     
           42.449         64.000          1.000          0.016          0.243
     
           42.435         63.000          1.000          0.016          0.239
     
           42.431         62.000          1.000          0.016          0.235
     
           42.396         61.000          1.000          0.016          0.231
     
           42.352         60.000          1.000          0.017          0.227
     
           42.352         59.000          1.000          0.017          0.224
     
           42.344         58.000          1.000          0.017          0.220
     
           42.333         57.000          1.000          0.018          0.216
     
           42.325         56.000          1.000          0.018          0.212
     
           42.313         55.000          1.000          0.018          0.208
     
           42.296         54.000          1.000          0.019          0.205
     
           42.284         53.000          1.000          0.019          0.201
     
           42.267         52.000          1.000          0.019          0.197
     
           42.260         51.000          1.000          0.020          0.193
     
           42.250         50.000          1.000          0.020          0.190
     
           42.233         49.000          1.000          0.020          0.186
     
           42.228         48.000          1.000          0.021          0.182
     
           42.213         47.000          1.000          0.021          0.178
     
           42.205         46.000          1.000          0.022          0.174
     
           42.186         44.000          1.000          0.023          0.171
     
           42.185         43.000          1.000          0.023          0.167
     
           42.172         42.000          1.000          0.024          0.163
     
           42.155         41.000          1.000          0.024          0.159
     
           42.095         39.000          1.000          0.026          0.155
     
           42.093         38.000          1.000          0.026          0.151
     
           42.077         36.000          1.000          0.028          0.147
     
           42.045         34.000          1.000          0.029          0.143
     
           42.019         33.000          1.000          0.030          0.139
     
           42.004         32.000          1.000          0.031          0.135
     
           41.999         31.000          1.000          0.032          0.130
     
           41.998         30.000          1.000          0.033          0.126
     
           41.975         29.000          1.000          0.034          0.122
     
           41.922         25.000          1.000          0.040          0.118
     
           41.904         24.000          1.000          0.042          0.113
     
           41.879         23.000          1.000          0.043          0.108
     
           41.878         22.000          1.000          0.045          0.104
     
           41.871         21.000          1.000          0.048          0.099
     
           41.775         18.000          1.000          0.056          0.094
     
           41.574         12.000          1.000          0.083          0.089
     
           41.501          9.000          1.000          0.111          0.082
     
           41.480          7.000          1.000          0.143          0.073
     
           41.391          3.000          1.000          0.333          0.062
     
           41.108          2.000          1.000          0.500          0.041
                                                                        0.021
     
     
        GEHAN`S GENERALIZED WILCOXON TEST -- PERMUTATION VARIANCE
     
          WW =   2000.00
          VAR=1630035.770
     


                 T(I)       ID1(I)    ID2(I)   R1(I)    R2(I)
              44.005         0         2    -270.0     271.0
              43.913         0         1    -268.0     270.0
              43.758         0         1    -266.0     269.0
              43.698         0         1    -264.0     268.0
              43.694         0         2    -262.0     267.0
              43.689         0         2    -260.0     266.0
              43.665         0         2    -258.0     265.0
              43.648         0         2    -256.0     264.0
              43.639         0         2    -254.0     263.0
              43.625         0         1    -252.0     262.0
              43.612         0         1    -250.0     261.0
              43.590         0         2    -248.0     260.0
              43.581         0         2    -246.0     259.0
              43.536         0         1    -244.0     258.0
              43.532         0         1    -242.0     257.0
              43.525         0         1    -240.0     256.0
              43.516         0         2    -238.0     255.0
              43.512         0         1    -236.0     254.0
              43.500         0         1    -234.0     253.0
              43.493         0         1    -232.0     252.0
              43.488         0         2    -230.0     251.0
              43.478         0         1    -228.0     250.0
              43.472         0         2    -226.0     249.0
              43.464         0         2    -224.0     248.0
              43.462         0         1    -222.0     247.0
              43.452         0         1    -220.0     246.0
              43.450         0         1    -218.0     245.0
              43.445         0         1    -216.0     244.0
              43.444         0         2    -214.0     243.0
              43.438         0         2    -212.0     242.0
              43.438         0         2    -210.0     241.0
              43.428         0         2    -208.0     240.0
              43.419         0         2    -206.0     239.0
              43.397         0         2    -204.0     238.0
              43.394         0         2    -202.0     237.0
              43.390         0         1    -200.0     236.0
              43.383         0         1    -198.0     235.0
              43.375         0         2    -196.0     234.0
              43.372         0         2    -194.0     233.0
              43.364         0         2    -192.0     232.0
              43.356         0         2    -190.0     231.0
              43.353         1         1      41.0       1.0
              43.332         0         2    -187.0     229.0
              43.332         0         2    -185.0     228.0
              43.315         0         2    -183.0     227.0
              43.308         0         2    -181.0     226.0
              43.306         0         2    -178.0     224.0
              43.306         0         1    -178.0     224.0
              43.303         0         1    -175.0     223.0
              43.303         0         2    -173.0     222.0
              43.302         0         2    -171.0     221.0
              43.290         0         1    -169.0     220.0
              43.288         0         2    -167.0     219.0
              43.284         0         1    -165.0     218.0
              43.275         0         2    -163.0     217.0
              43.270         0         2    -161.0     216.0
              43.262         0         2    -159.0     215.0
              43.259         0         2    -157.0     214.0
              43.255         0         1    -155.0     213.0
              43.252         0         1    -153.0     212.0
              43.247         0         1    -151.0     211.0
              43.247         0         1    -149.0     210.0
              43.237         0         2    -147.0     209.0
              43.231         0         1    -145.0     208.0
              43.221         0         1    -143.0     207.0
              43.218         0         2    -141.0     206.0
              43.200         0         2    -139.0     205.0
              43.187         0         1    -137.0     204.0
              43.186         0         1    -135.0     203.0
              43.185         0         2    -133.0     202.0
              43.177         0         2    -131.0     201.0
              43.176         0         2    -129.0     200.0
              43.165         0         1    -127.0     199.0
              43.164         0         2    -125.0     198.0
              43.163         0         1    -123.0     197.0
              43.156         0         1    -121.0     196.0
              43.151         0         2    -119.0     195.0
              43.151         0         2    -117.0     194.0
              43.150         0         2    -115.0     193.0
              43.135         0         2    -113.0     192.0
              43.132         0         2    -111.0     191.0
              43.112         0         1    -109.0     190.0
              43.110         0         1    -107.0     189.0
              43.102         0         2    -105.0     188.0
              43.098         0         1    -103.0     187.0
              43.089         0         1    -101.0     186.0
              43.086         1         1      85.0       1.0
              43.079         0         2     -98.0     184.0
              43.077         0         2     -96.0     183.0
              43.067         0         2     -94.0     182.0
              43.061         0         1     -92.0     181.0
              43.059         0         1     -90.0     180.0
              43.048         0         1     -88.0     179.0
              43.048         0         2     -86.0     178.0
              43.043         0         1     -84.0     177.0
              43.037         0         2     -82.0     176.0
              43.015         0         1     -80.0     175.0
              43.011         0         2     -78.0     174.0
              43.010         0         2     -76.0     173.0
              43.007         0         2     -74.0     172.0
              43.007         0         1     -72.0     171.0
              43.006         0         1     -70.0     170.0
              43.002         0         2     -68.0     169.0
              43.002         0         2     -66.0     168.0
              42.998         0         2     -64.0     167.0
              42.995         0         1     -62.0     166.0
              42.992         0         1     -60.0     165.0
              42.992         0         1     -58.0     164.0
              42.988         0         1     -56.0     163.0
              42.986         0         1     -54.0     162.0
              42.983         0         1     -52.0     161.0
              42.978         0         2     -50.0     160.0
              42.976         0         2     -48.0     159.0
              42.969         0         1     -46.0     158.0
              42.969         0         2     -44.0     157.0
              42.964         0         2     -42.0     156.0
              42.963         0         2     -40.0     155.0
              42.961         0         1     -38.0     154.0
              42.953         0         1     -36.0     153.0
              42.951         0         2     -34.0     152.0
              42.948         0         2     -32.0     151.0
              42.943         0         1     -30.0     150.0
              42.936         0         1     -28.0     149.0
              42.930         0         1     -26.0     148.0
              42.929         0         2     -24.0     147.0
              42.926         0         2     -22.0     146.0
              42.920         0         2     -20.0     145.0
              42.919         1         1     125.0       1.0
              42.913         0         1     -17.0     143.0
              42.911         0         2     -15.0     142.0
              42.908         0         1     -13.0     141.0
              42.907         0         2     -11.0     140.0
              42.905         0         1      -9.0     139.0
              42.904         0         1      -7.0     138.0
              42.899         0         2      -5.0     137.0
              42.886         0         2      -3.0     136.0
              42.883         0         2      -1.0     135.0
              42.880         0         2       1.0     134.0
              42.871         0         1       3.0     133.0
              42.870         0         2       5.0     132.0
              42.867         0         2       7.0     131.0
              42.864         0         2       9.0     130.0
              42.850         0         2      11.0     129.0
              42.850         0         2      13.0     128.0
              42.841         0         2      15.0     127.0
              42.837         0         2      17.0     126.0
              42.833         0         1      19.0     125.0
              42.826         0         1      21.0     124.0
              42.818         0         2      23.0     123.0
              42.812         0         2      25.0     122.0
              42.811         0         1      27.0     121.0
              42.806         0         1      29.0     120.0
              42.805         0         1      31.0     119.0
              42.804         0         1      33.0     118.0
              42.799         0         2      35.0     117.0
              42.788         0         1      37.0     116.0
              42.786         0         1      39.0     115.0
              42.781         0         2      41.0     114.0
              42.772         0         1      43.0     113.0
              42.770         0         1      45.0     112.0
              42.767         0         2      47.0     111.0
              42.764         0         1      49.0     110.0
              42.757         0         2      51.0     109.0
              42.747         0         2      53.0     108.0
              42.743         0         2      55.0     107.0
              42.741         0         2      57.0     106.0
              42.729         0         1      59.0     105.0
              42.726         0         1      61.0     104.0
              42.714         0         2      63.0     103.0
              42.707         0         2      65.0     102.0
              42.706         0         2      67.0     101.0
              42.683         0         2      69.0     100.0
              42.682         1         2     169.0       1.0
              42.669         0         1      72.0      98.0
              42.662         0         1      74.0      97.0
              42.659         0         2      76.0      96.0
              42.656         0         2      78.0      95.0
              42.648         0         2      80.0      94.0
              42.639         0         2      82.0      93.0
              42.629         0         2      84.0      92.0
              42.628         0         2      86.0      91.0
              42.611         0         1      88.0      90.0
              42.607         0         1      90.0      89.0
              42.602         0         1      92.0      88.0
              42.593         0         2      94.0      87.0
              42.578         0         2      96.0      86.0
              42.572         0         1      98.0      85.0
              42.571         0         2     100.0      84.0
              42.569         0         2     102.0      83.0
              42.568         0         2     104.0      82.0
              42.562         0         1     106.0      81.0
              42.549         0         2     108.0      80.0
              42.549         0         2     110.0      79.0
              42.547         0         2     112.0      78.0
              42.544         0         2     114.0      77.0
              42.544         0         2     116.0      76.0
              42.535         0         1     118.0      75.0
              42.533         0         1     120.0      74.0
              42.532         0         1     122.0      73.0
              42.520         0         1     124.0      72.0
              42.511         0         1     126.0      71.0
              42.509         0         1     128.0      70.0
              42.508         0         1     130.0      69.0
              42.505         0         2     132.0      68.0
              42.503         0         1     134.0      67.0
              42.501         0         2     136.0      66.0
              42.462         0         1     138.0      65.0
              42.449         0         1     140.0      64.0
              42.435         0         2     142.0      63.0
              42.431         0         1     144.0      62.0
              42.396         0         2     146.0      61.0
              42.352         0         1     148.0      60.0
              42.352         0         1     150.0      59.0
              42.344         0         2     152.0      58.0
              42.333         0         1     154.0      57.0
              42.325         0         1     156.0      56.0
              42.313         0         2     158.0      55.0
              42.296         0         1     160.0      54.0
              42.284         0         1     162.0      53.0
              42.267         0         2     164.0      52.0
              42.260         0         1     166.0      51.0
              42.250         0         2     168.0      50.0
              42.233         0         2     170.0      49.0
              42.228         0         2     172.0      48.0
              42.213         0         2     174.0      47.0
              42.205         0         1     176.0      46.0
              42.196         1         2     222.0       1.0
              42.186         0         2     179.0      44.0
              42.185         0         1     181.0      43.0
              42.172         0         1     183.0      42.0
              42.155         0         2     185.0      41.0
              42.141         1         2     226.0       1.0
              42.095         0         1     188.0      39.0
              42.093         0         1     190.0      38.0
              42.093         1         1     228.0       1.0
              42.077         0         1     193.0      36.0
              42.053         1         1     229.0       1.0
              42.045         0         2     196.0      34.0
              42.019         0         2     198.0      33.0
              42.004         0         1     200.0      32.0
              41.999         0         2     202.0      31.0
              41.998         0         1     204.0      30.0
              41.975         0         1     206.0      29.0
              41.970         1         2     235.0       1.0
              41.958         1         2     235.0       1.0
              41.937         1         2     235.0       1.0
              41.922         0         1     211.0      25.0
              41.904         0         1     213.0      24.0
              41.879         0         1     215.0      23.0
              41.878         0         2     217.0      22.0
              41.871         0         1     219.0      21.0
              41.857         1         2     240.0       1.0
              41.852         1         1     240.0       1.0
              41.775         0         1     223.0      18.0
              41.719         1         2     241.0       1.0
              41.710         1         1     241.0       1.0
              41.682         1         1     241.0       1.0
              41.589         1         2     241.0       1.0
              41.574         1         1     241.0       1.0
              41.574         0         1     230.0      12.0
              41.526         1         1     242.0       1.0
              41.512         1         1     242.0       1.0
              41.501         0         2     234.0       9.0
              41.482         1         1     243.0       1.0
              41.480         0         2     237.0       7.0
              41.466         1         1     244.0       1.0
              41.456         1         1     244.0       1.0
              41.437         1         1     244.0       1.0
              41.391         0         2     242.0       3.0
              41.108         0         2     244.0       2.0
              41.094         1         1     246.0       1.0
          TEST STATISTIC        =       1.567
          PROBABILITY           =       0.1172

     
        GEHAN`S GENERALIZED WILCOXON TEST -- HYPERGEOMETRIC VARIANCE
     
          WW  =        2000.000
          VAR =     1632351.018
     
             

               T(I)         SCORE(I)
              44.005        130.000
              43.913       -140.000
              43.758       -140.000
              43.698       -140.000
              43.694        127.000
              43.689        127.000
              43.665        127.000
              43.648        127.000
              43.639        127.000
              43.625       -135.000
              43.612       -135.000
              43.590        125.000
              43.581        125.000
              43.536       -133.000
              43.532       -133.000
              43.525       -133.000
              43.516        122.000
              43.512       -132.000
              43.500       -132.000
              43.493       -132.000
              43.488        119.000
              43.478       -131.000
              43.472        118.000
              43.464        118.000
              43.462       -129.000
              43.452       -129.000
              43.450       -129.000
              43.445       -129.000
              43.444        114.000
              43.438        114.000
              43.438        114.000
              43.428        114.000
              43.419        114.000
              43.397        114.000
              43.394        114.000
              43.390       -122.000
              43.383       -122.000
              43.375        112.000
              43.372        112.000
              43.364        112.000
              43.356        112.000
              43.332        111.000
              43.332        111.000
              43.315        111.000
              43.308        111.000
              43.306         -3.000
              43.303       -113.000
              43.303        109.000
              43.302        109.000
              43.290       -111.000
              43.288        108.000
              43.284       -110.000
              43.275        107.000
              43.270        107.000
              43.262        107.000
              43.259        107.000
              43.255       -106.000
              43.252       -106.000
              43.247       -106.000
              43.247       -106.000
              43.237        103.000
              43.231       -105.000
              43.221       -105.000
              43.218        101.000
              43.200        101.000
              43.187       -103.000
              43.186       -103.000
              43.185         99.000
              43.177         99.000
              43.176         99.000
              43.165       -100.000
              43.164         98.000
              43.163        -99.000
              43.156        -99.000
              43.151         96.000
              43.151         96.000
              43.150         96.000
              43.135         96.000
              43.132         96.000
              43.112        -94.000
              43.110        -94.000
              43.102         94.000
              43.098        -93.000
              43.089        -93.000
              43.079         91.000
              43.077         91.000
              43.067         91.000
              43.061        -90.000
              43.059        -90.000
              43.048        -90.000
              43.048         88.000
              43.043        -89.000
              43.037         87.000
              43.015        -88.000
              43.011         86.000
              43.010         86.000
              43.007         86.000
              43.007        -85.000
              43.006        -85.000
              43.002         84.000
              43.002         84.000
              42.998         84.000
              42.995        -82.000
              42.992        -82.000
              42.992        -82.000
              42.988        -82.000
              42.986        -82.000
              42.983        -82.000
              42.978         78.000
              42.976         78.000
              42.969        -80.000
              42.969         77.000
              42.964         77.000
              42.963         77.000
              42.961        -77.000
              42.953        -77.000
              42.951         75.000
              42.948         75.000
              42.943        -75.000
              42.936        -75.000
              42.930        -75.000
              42.929         72.000
              42.926         72.000
              42.920         72.000
              42.913        -72.000
              42.911         70.000
              42.908        -71.000
              42.907         69.000
              42.905        -70.000
              42.904        -70.000
              42.899         67.000
              42.886         67.000
              42.883         67.000
              42.880         67.000
              42.871        -66.000
              42.870         66.000
              42.867         66.000
              42.864         66.000
              42.850         66.000
              42.850         66.000
              42.841         66.000
              42.837         66.000
              42.833        -59.000
              42.826        -59.000
              42.818         64.000
              42.812         64.000
              42.811        -57.000
              42.806        -57.000
              42.805        -57.000
              42.804        -57.000
              42.799         60.000
              42.788        -56.000
              42.786        -56.000
              42.781         58.000
              42.772        -55.000
              42.770        -55.000
              42.767         56.000
              42.764        -54.000
              42.757         55.000
              42.747         55.000
              42.743         55.000
              42.741         55.000
              42.729        -50.000
              42.726        -50.000
              42.714         53.000
              42.707         53.000
              42.706         53.000
              42.683         53.000
              42.669        -45.000
              42.662        -45.000
              42.659         51.000
              42.656         51.000
              42.648         51.000
              42.639         51.000
              42.629         51.000
              42.628         51.000
              42.611        -39.000
              42.607        -39.000
              42.602        -39.000
              42.593         48.000
              42.578         48.000
              42.572        -37.000
              42.571         47.000
              42.569         47.000
              42.568         47.000
              42.562        -34.000
              42.549         46.000
              42.549         46.000
              42.547         46.000
              42.544         46.000
              42.544         46.000
              42.535        -29.000
              42.533        -29.000
              42.532        -29.000
              42.520        -29.000
              42.511        -29.000
              42.509        -29.000
              42.508        -29.000
              42.505         39.000
              42.503        -28.000
              42.501         38.000
              42.462        -27.000
              42.449        -27.000
              42.435         36.000
              42.431        -26.000
              42.396         35.000
              42.352        -25.000
              42.352        -25.000
              42.344         33.000
              42.333        -24.000
              42.325        -24.000
              42.313         31.000
              42.296        -23.000
              42.284        -23.000
              42.267         29.000
              42.260        -22.000
              42.250         28.000
              42.233         28.000
              42.228         28.000
              42.213         28.000
              42.205        -18.000
              42.186         27.000
              42.185        -16.000
              42.172        -16.000
              42.155         25.000
              42.095        -14.000
              42.093        -14.000
              42.077        -14.000
              42.045         20.000
              42.019         20.000
              42.004        -12.000
              41.999         19.000
              41.998        -11.000
              41.975        -11.000
              41.922         -8.000
              41.904         -8.000
              41.879         -8.000
              41.878         14.000
              41.871         -7.000
              41.775         -6.000
              41.574         -4.000
              41.501          5.000
              41.480          4.000
              41.391          1.000
              41.108          1.000
          TEST STATISTIC        =       1.565
          PROBABILITY           =       0.1175

     
        LOGRANK TEST 
     
          WW  =          14.771
          VAR =          60.757
     
             

               T(I)         SCORE(I)
              44.005          0.480
              43.913         -0.519
              43.758         -0.520
              43.698         -0.522
              43.694          0.476
              43.689          0.477
              43.665          0.479
              43.648          0.481
              43.639          0.483
              43.625         -0.515
              43.612         -0.517
              43.590          0.481
              43.581          0.483
              43.536         -0.516
              43.532         -0.518
              43.525         -0.520
              43.516          0.478
              43.512         -0.520
              43.500         -0.522
              43.493         -0.524
              43.488          0.474
              43.478         -0.524
              43.472          0.474
              43.464          0.476
              43.462         -0.522
              43.452         -0.524
              43.450         -0.527
              43.445         -0.529
              43.444          0.469
              43.438          0.471
              43.438          0.473
              43.428          0.475
              43.419          0.477
              43.397          0.479
              43.394          0.481
              43.390         -0.517
              43.383         -0.519
              43.375          0.479
              43.372          0.481
              43.364          0.483
              43.356          0.485
              43.332          0.485
              43.332          0.487
              43.315          0.489
              43.308          0.491
              43.306         -0.013
              43.303         -0.507
              43.303          0.491
              43.302          0.493
              43.290         -0.505
              43.288          0.493
              43.284         -0.505
              43.275          0.493
              43.270          0.495
              43.262          0.498
              43.259          0.500
              43.255         -0.498
              43.252         -0.500
              43.247         -0.502
              43.247         -0.505
              43.237          0.493
              43.231         -0.505
              43.221         -0.507
              43.218          0.490
              43.200          0.493
              43.187         -0.505
              43.186         -0.507
              43.185          0.490
              43.177          0.493
              43.176          0.495
              43.165         -0.503
              43.164          0.495
              43.163         -0.503
              43.156         -0.505
              43.151          0.492
              43.151          0.495
              43.150          0.497
              43.135          0.500
              43.132          0.503
              43.112         -0.495
              43.110         -0.497
              43.102          0.500
              43.098         -0.497
              43.089         -0.500
              43.079          0.495
              43.077          0.497
              43.067          0.500
              43.061         -0.497
              43.059         -0.500
              43.048         -0.503
              43.048          0.494
              43.043         -0.503
              43.037          0.494
              43.015         -0.503
              43.011          0.494
              43.010          0.497
              43.007          0.500
              43.007         -0.497
              43.006         -0.500
              43.002          0.497
              43.002          0.500
              42.998          0.503
              42.995         -0.494
              42.992         -0.497
              42.992         -0.500
              42.988         -0.503
              42.986         -0.506
              42.983         -0.509
              42.978          0.488
              42.976          0.491
              42.969         -0.506
              42.969          0.490
              42.964          0.494
              42.963          0.497
              42.961         -0.500
              42.953         -0.503
              42.951          0.493
              42.948          0.497
              42.943         -0.500
              42.936         -0.503
              42.930         -0.507
              42.929          0.490
              42.926          0.493
              42.920          0.497
              42.913         -0.503
              42.911          0.493
              42.908         -0.504
              42.907          0.493
              42.905         -0.504
              42.904         -0.507
              42.899          0.489
              42.886          0.493
              42.883          0.496
              42.880          0.500
              42.871         -0.496
              42.870          0.500
              42.867          0.504
              42.864          0.508
              42.850          0.512
              42.850          0.516
              42.841          0.520
              42.837          0.524
              42.833         -0.472
              42.826         -0.476
              42.818          0.520
              42.812          0.525
              42.811         -0.471
              42.806         -0.475
              42.805         -0.479
              42.804         -0.483
              42.799          0.513
              42.788         -0.483
              42.786         -0.487
              42.781          0.509
              42.772         -0.487
              42.770         -0.491
              42.767          0.505
              42.764         -0.491
              42.757          0.505
              42.747          0.509
              42.743          0.514
              42.741          0.519
              42.729         -0.476
              42.726         -0.481
              42.714          0.515
              42.707          0.520
              42.706          0.525
              42.683          0.530
              42.669         -0.459
              42.662         -0.464
              42.659          0.531
              42.656          0.537
              42.648          0.543
              42.639          0.548
              42.629          0.554
              42.628          0.560
              42.611         -0.433
              42.607         -0.438
              42.602         -0.443
              42.593          0.552
              42.578          0.558
              42.572         -0.435
              42.571          0.560
              42.569          0.566
              42.568          0.573
              42.562         -0.420
              42.549          0.575
              42.549          0.582
              42.547          0.590
              42.544          0.597
              42.544          0.605
              42.535         -0.387
              42.533         -0.392
              42.532         -0.397
              42.520         -0.403
              42.511         -0.408
              42.509         -0.414
              42.508         -0.420
              42.505          0.574
              42.503         -0.418
              42.501          0.576
              42.462         -0.415
              42.449         -0.422
              42.435          0.571
              42.431         -0.419
              42.396          0.574
              42.352         -0.417
              42.352         -0.424
              42.344          0.569
              42.333         -0.421
              42.325         -0.429
              42.313          0.564
              42.296         -0.426
              42.284         -0.434
              42.267          0.558
              42.260         -0.431
              42.250          0.560
              42.233          0.571
              42.228          0.583
              42.213          0.596
              42.205         -0.391
              42.186          0.614
              42.185         -0.372
              42.172         -0.381
              42.155          0.610
              42.095         -0.359
              42.093         -0.368
              42.077         -0.389
              42.045          0.588
              42.019          0.606
              42.004         -0.375
              41.999          0.613
              41.998         -0.367
              41.975         -0.379
              41.922         -0.320
              41.904         -0.333
              41.879         -0.348
              41.878          0.636
              41.871         -0.333
              41.775         -0.333
              41.574         -0.333
              41.501          0.556
              41.480          0.571
              41.391          0.333
              41.108          0.500
          TEST STATISTIC        =       1.895
          PROBABILITY           =       0.0581

     
        PETO & PETO GENERALIZED WILCOXON TEST
     
          WW =     -7.51
          VAR=     22.475
     


               T(I)         SCORE(I)
              44.005          0.996
              43.913          0.989
              43.758          0.982
              43.698          0.974
              43.694          0.967
              43.689          0.959
              43.665          0.952
              43.648          0.945
              43.639          0.937
              43.625          0.930
              43.612          0.923
              43.590          0.915
              43.581          0.908
              43.536          0.900
              43.532          0.893
              43.525          0.886
              43.516          0.878
              43.512          0.871
              43.500          0.863
              43.493          0.856
              43.488          0.849
              43.478          0.841
              43.472          0.834
              43.464          0.827
              43.462          0.819
              43.452          0.812
              43.450          0.804
              43.445          0.797
              43.444          0.790
              43.438          0.782
              43.438          0.775
              43.428          0.768
              43.419          0.760
              43.397          0.753
              43.394          0.745
              43.390          0.738
              43.383          0.731
              43.375          0.723
              43.372          0.716
              43.364          0.708
              43.356          0.701
              43.353         -0.151
              43.332          0.694
              43.332          0.686
              43.315          0.679
              43.308          0.671
              43.306          0.660
              43.306          0.660
              43.303          0.649
              43.303          0.642
              43.302          0.634
              43.290          0.627
              43.288          0.620
              43.284          0.612
              43.275          0.605
              43.270          0.597
              43.262          0.590
              43.259          0.583
              43.255          0.575
              43.252          0.568
              43.247          0.560
              43.247          0.553
              43.237          0.545
              43.231          0.538
              43.221          0.531
              43.218          0.523
              43.200          0.516
              43.187          0.508
              43.186          0.501
              43.185          0.494
              43.177          0.486
              43.176          0.479
              43.165          0.471
              43.164          0.464
              43.163          0.457
              43.156          0.449
              43.151          0.442
              43.151          0.434
              43.150          0.427
              43.135          0.419
              43.132          0.412
              43.112          0.405
              43.110          0.397
              43.102          0.390
              43.098          0.382
              43.089          0.375
              43.086         -0.314
              43.079          0.368
              43.077          0.360
              43.067          0.353
              43.061          0.345
              43.059          0.338
              43.048          0.330
              43.048          0.323
              43.043          0.315
              43.037          0.308
              43.015          0.300
              43.011          0.293
              43.010          0.286
              43.007          0.278
              43.007          0.271
              43.006          0.263
              43.002          0.256
              43.002          0.248
              42.998          0.241
              42.995          0.233
              42.992          0.226
              42.992          0.218
              42.988          0.211
              42.986          0.204
              42.983          0.196
              42.978          0.189
              42.976          0.181
              42.969          0.174
              42.969          0.166
              42.964          0.159
              42.963          0.151
              42.961          0.144
              42.953          0.137
              42.951          0.129
              42.948          0.122
              42.943          0.114
              42.936          0.107
              42.930          0.099
              42.929          0.092
              42.926          0.084
              42.920          0.077
              42.919         -0.463
              42.913          0.069
              42.911          0.062
              42.908          0.054
              42.907          0.047
              42.905          0.039
              42.904          0.032
              42.899          0.024
              42.886          0.017
              42.883          0.009
              42.880          0.002
              42.871         -0.006
              42.870         -0.013
              42.867         -0.021
              42.864         -0.028
              42.850         -0.036
              42.850         -0.043
              42.841         -0.051
              42.837         -0.058
              42.833         -0.066
              42.826         -0.073
              42.818         -0.081
              42.812         -0.088
              42.811         -0.096
              42.806         -0.103
              42.805         -0.111
              42.804         -0.118
              42.799         -0.126
              42.788         -0.133
              42.786         -0.141
              42.781         -0.148
              42.772         -0.156
              42.770         -0.163
              42.767         -0.171
              42.764         -0.178
              42.757         -0.186
              42.747         -0.193
              42.743         -0.201
              42.741         -0.208
              42.729         -0.216
              42.726         -0.223
              42.714         -0.231
              42.707         -0.238
              42.706         -0.246
              42.683         -0.253
              42.682         -0.629
              42.669         -0.261
              42.662         -0.268
              42.659         -0.276
              42.656         -0.284
              42.648         -0.291
              42.639         -0.299
              42.629         -0.306
              42.628         -0.314
              42.611         -0.321
              42.607         -0.329
              42.602         -0.337
              42.593         -0.344
              42.578         -0.352
              42.572         -0.359
              42.571         -0.367
              42.569         -0.375
              42.568         -0.382
              42.562         -0.390
              42.549         -0.397
              42.549         -0.405
              42.547         -0.412
              42.544         -0.420
              42.544         -0.428
              42.535         -0.435
              42.533         -0.443
              42.532         -0.450
              42.520         -0.458
              42.511         -0.466
              42.509         -0.473
              42.508         -0.481
              42.505         -0.488
              42.503         -0.496
              42.501         -0.503
              42.462         -0.511
              42.449         -0.519
              42.435         -0.526
              42.431         -0.534
              42.396         -0.541
              42.352         -0.549
              42.352         -0.556
              42.344         -0.564
              42.333         -0.572
              42.325         -0.579
              42.313         -0.587
              42.296         -0.594
              42.284         -0.602
              42.267         -0.610
              42.260         -0.617
              42.250         -0.625
              42.233         -0.632
              42.228         -0.640
              42.213         -0.647
              42.205         -0.655
              42.196         -0.829
              42.186         -0.663
              42.185         -0.670
              42.172         -0.678
              42.155         -0.686
              42.141         -0.845
              42.095         -0.694
              42.093         -0.702
              42.093         -0.853
              42.077         -0.710
              42.053         -0.857
              42.045         -0.718
              42.019         -0.727
              42.004         -0.735
              41.999         -0.743
              41.998         -0.752
              41.975         -0.760
              41.970         -0.882
              41.958         -0.882
              41.937         -0.882
              41.922         -0.769
              41.904         -0.779
              41.879         -0.788
              41.878         -0.797
              41.871         -0.807
              41.857         -0.906
              41.852         -0.906
              41.775         -0.817
              41.719         -0.911
              41.710         -0.911
              41.682         -0.911
              41.589         -0.911
              41.574         -0.911
              41.574         -0.829
              41.526         -0.918
              41.512         -0.918
              41.501         -0.846
              41.482         -0.927
              41.480         -0.865
              41.466         -0.938
              41.456         -0.938
              41.437         -0.938
              41.391         -0.896
              41.108         -0.938
              41.094         -0.979
          TEST STATISTIC        =       1.585
          PROBABILITY           =       0.1130

     
        PETO & PRENTICE GENERALIZED WILCOXON TEST
     
          WW  =           7.474
          VAR =          22.233
     
             

               T(I)         SCORE(I)
              44.005          0.993
              43.913          0.000
              43.758          0.000
              43.698          0.000
              43.694          0.963
              43.689          0.956
              43.665          0.949
              43.648          0.941
              43.639          0.934
              43.625          0.000
              43.612          0.000
              43.590          0.912
              43.581          0.904
              43.536          0.000
              43.532          0.000
              43.525          0.000
              43.516          0.875
              43.512          0.000
              43.500          0.000
              43.493          0.000
              43.488          0.846
              43.478          0.000
              43.472          0.831
              43.464          0.824
              43.462          0.000
              43.452          0.000
              43.450          0.000
              43.445          0.000
              43.444          0.787
              43.438          0.779
              43.438          0.772
              43.428          0.765
              43.419          0.757
              43.397          0.750
              43.394          0.743
              43.390          0.000
              43.383          0.000
              43.375          0.721
              43.372          0.713
              43.364          0.706
              43.356          0.699
              43.332          0.691
              43.332          0.684
              43.315          0.676
              43.308          0.669
              43.306          0.658
              43.303          0.000
              43.303          0.639
              43.302          0.632
              43.290          0.000
              43.288          0.617
              43.284          0.000
              43.275          0.603
              43.270          0.595
              43.262          0.588
              43.259          0.580
              43.255          0.000
              43.252          0.000
              43.247          0.000
              43.247          0.000
              43.237          0.543
              43.231          0.000
              43.221          0.000
              43.218          0.521
              43.200          0.514
              43.187          0.000
              43.186          0.000
              43.185          0.492
              43.177          0.484
              43.176          0.477
              43.165          0.000
              43.164          0.462
              43.163          0.000
              43.156          0.000
              43.151          0.440
              43.151          0.433
              43.150          0.425
              43.135          0.418
              43.132          0.411
              43.112          0.000
              43.110          0.000
              43.102          0.388
              43.098          0.000
              43.089          0.000
              43.079          0.366
              43.077          0.359
              43.067          0.351
              43.061          0.000
              43.059          0.000
              43.048          0.000
              43.048          0.322
              43.043          0.000
              43.037          0.307
              43.015          0.000
              43.011          0.292
              43.010          0.284
              43.007          0.277
              43.007          0.000
              43.006          0.000
              43.002          0.255
              43.002          0.247
              42.998          0.240
              42.995          0.000
              42.992          0.000
              42.992          0.000
              42.988          0.000
              42.986          0.000
              42.983          0.000
              42.978          0.188
              42.976          0.181
              42.969          0.000
              42.969          0.166
              42.964          0.158
              42.963          0.151
              42.961          0.000
              42.953          0.000
              42.951          0.129
              42.948          0.121
              42.943          0.000
              42.936          0.000
              42.930          0.000
              42.929          0.091
              42.926          0.084
              42.920          0.077
              42.913          0.000
              42.911          0.062
              42.908          0.000
              42.907          0.047
              42.905          0.000
              42.904          0.000
              42.899          0.024
              42.886          0.017
              42.883          0.009
              42.880          0.002
              42.871         -0.000
              42.870         -0.013
              42.867         -0.021
              42.864         -0.028
              42.850         -0.036
              42.850         -0.043
              42.841         -0.050
              42.837         -0.058
              42.833         -0.000
              42.826         -0.000
              42.818         -0.080
              42.812         -0.088
              42.811         -0.000
              42.806         -0.000
              42.805         -0.000
              42.804         -0.000
              42.799         -0.125
              42.788         -0.000
              42.786         -0.000
              42.781         -0.148
              42.772         -0.000
              42.770         -0.000
              42.767         -0.170
              42.764         -0.000
              42.757         -0.185
              42.747         -0.193
              42.743         -0.200
              42.741         -0.208
              42.729         -0.000
              42.726         -0.000
              42.714         -0.230
              42.707         -0.237
              42.706         -0.245
              42.683         -0.879
              42.669         -0.000
              42.662         -0.000
              42.659         -0.275
              42.656         -0.283
              42.648         -0.290
              42.639         -0.298
              42.629         -0.305
              42.628         -0.313
              42.611         -0.000
              42.607         -0.000
              42.602         -0.000
              42.593         -0.343
              42.578         -0.351
              42.572         -0.000
              42.571         -0.366
              42.569         -0.373
              42.568         -0.381
              42.562         -0.000
              42.549         -0.396
              42.549         -0.403
              42.547         -0.411
              42.544         -0.419
              42.544         -0.426
              42.535         -0.000
              42.533         -0.000
              42.532         -0.000
              42.520         -0.000
              42.511         -0.000
              42.509         -0.000
              42.508         -0.000
              42.505         -0.486
              42.503         -0.000
              42.501         -0.502
              42.462         -0.000
              42.449         -0.000
              42.435         -0.524
              42.431         -0.000
              42.396         -0.539
              42.352         -0.000
              42.352         -0.000
              42.344         -0.562
              42.333         -0.000
              42.325         -0.000
              42.313         -0.585
              42.296         -0.000
              42.284         -0.000
              42.267         -0.607
              42.260         -0.000
              42.250         -0.622
              42.233         -0.630
              42.228         -0.638
              42.213         -0.645
              42.205         -0.826
              42.186         -0.660
              42.185         -0.000
              42.172         -0.000
              42.155         -1.525
              42.095         -0.000
              42.093         -0.000
              42.077         -0.000
              42.045         -0.716
              42.019         -0.724
              42.004         -0.000
              41.999         -0.741
              41.998         -0.000
              41.975         -2.636
              41.922         -0.000
              41.904         -0.000
              41.879         -0.000
              41.878         -0.795
              41.871         -0.902
              41.775         -1.815
              41.574         -0.000
              41.501         -0.846
              41.480         -0.865
              41.391         -0.899
              41.108         -0.933
          TEST STATISTIC        =       1.585
          PROBABILITY           =       0.1129

    
    
        KAPLAN-MEIER ESTIMATOR
    
    
        DATA FILE : two_sampl
    
        VARIABLE : Sy1      
    
    
        # OF DATA POINTS : 130 # OF UPPER LIMITS :  16
    
    
          VARIABLE RANGE      KM ESTIMATOR   ERROR
FROM    0.000   TO   41.094       1.000
FROM   41.094   TO   41.574       0.909       0.027
       41.437 C 
       41.456 C 
       41.466 C 
       41.482 C 
       41.512 C 
       41.526 C 
FROM   41.574   TO   41.775       0.896       0.028
       41.574 C 
       41.682 C 
       41.710 C 
FROM   41.775   TO   41.871       0.886       0.029
       41.852 C 
FROM   41.871   TO   41.879       0.878       0.030
FROM   41.879   TO   41.904       0.869       0.031
FROM   41.904   TO   41.922       0.860       0.031
FROM   41.922   TO   41.975       0.852       0.032
FROM   41.975   TO   41.998       0.843       0.033
FROM   41.998   TO   42.004       0.834       0.033
FROM   42.004   TO   42.077       0.825       0.034
       42.053 C 
FROM   42.077   TO   42.093       0.817       0.034
       42.093 C 
FROM   42.093   TO   42.095       0.809       0.035
FROM   42.095   TO   42.172       0.801       0.036
FROM   42.172   TO   42.185       0.793       0.036
FROM   42.185   TO   42.205       0.785       0.037
FROM   42.205   TO   42.260       0.777       0.037
FROM   42.260   TO   42.284       0.769       0.037
FROM   42.284   TO   42.296       0.761       0.038
FROM   42.296   TO   42.325       0.753       0.038
FROM   42.325   TO   42.333       0.745       0.039
FROM   42.333   TO   42.352       0.737       0.039
FROM   42.352   TO   42.352       0.729       0.040
FROM   42.352   TO   42.431       0.721       0.040
FROM   42.431   TO   42.449       0.714       0.040
FROM   42.449   TO   42.462       0.706       0.041
FROM   42.462   TO   42.503       0.698       0.041
FROM   42.503   TO   42.508       0.690       0.041
FROM   42.508   TO   42.509       0.682       0.041
FROM   42.509   TO   42.511       0.674       0.042
FROM   42.511   TO   42.520       0.666       0.042
FROM   42.520   TO   42.532       0.658       0.042
FROM   42.532   TO   42.533       0.650       0.042
FROM   42.533   TO   42.535       0.642       0.043
FROM   42.535   TO   42.562       0.634       0.043
FROM   42.562   TO   42.572       0.626       0.043
FROM   42.572   TO   42.602       0.618       0.043
FROM   42.602   TO   42.607       0.610       0.043
FROM   42.607   TO   42.611       0.602       0.043
FROM   42.611   TO   42.662       0.594       0.044
FROM   42.662   TO   42.669       0.586       0.044
FROM   42.669   TO   42.726       0.578       0.044
FROM   42.726   TO   42.729       0.570       0.044
FROM   42.729   TO   42.764       0.562       0.044
FROM   42.764   TO   42.770       0.554       0.044
FROM   42.770   TO   42.772       0.546       0.044
FROM   42.772   TO   42.786       0.538       0.044
FROM   42.786   TO   42.788       0.531       0.044
FROM   42.788   TO   42.804       0.523       0.044
FROM   42.804   TO   42.805       0.515       0.044
FROM   42.805   TO   42.806       0.507       0.044
FROM   42.806   TO   42.811       0.499       0.044
FROM   42.811   TO   42.826       0.491       0.044
FROM   42.826   TO   42.833       0.483       0.044
FROM   42.833   TO   42.871       0.475       0.044
FROM   42.871   TO   42.904       0.467       0.044
FROM   42.904   TO   42.905       0.459       0.044
FROM   42.905   TO   42.908       0.451       0.044
FROM   42.908   TO   42.913       0.443       0.044
FROM   42.913   TO   42.930       0.435       0.044
       42.919 C 
FROM   42.930   TO   42.936       0.427       0.044
FROM   42.936   TO   42.943       0.419       0.044
FROM   42.943   TO   42.953       0.411       0.043
FROM   42.953   TO   42.961       0.404       0.043
FROM   42.961   TO   42.969       0.396       0.043
FROM   42.969   TO   42.983       0.388       0.043
FROM   42.983   TO   42.986       0.380       0.043
FROM   42.986   TO   42.988       0.372       0.043
FROM   42.988   TO   42.992       0.364       0.042
FROM   42.992   TO   42.992       0.357       0.042
FROM   42.992   TO   42.995       0.349       0.042
FROM   42.995   TO   43.006       0.341       0.042
FROM   43.006   TO   43.007       0.333       0.042
FROM   43.007   TO   43.015       0.325       0.041
FROM   43.015   TO   43.043       0.317       0.041
FROM   43.043   TO   43.048       0.309       0.041
FROM   43.048   TO   43.059       0.302       0.040
FROM   43.059   TO   43.061       0.294       0.040
FROM   43.061   TO   43.089       0.286       0.040
       43.086 C 
FROM   43.089   TO   43.098       0.278       0.039
FROM   43.098   TO   43.110       0.270       0.039
FROM   43.110   TO   43.112       0.263       0.039
FROM   43.112   TO   43.156       0.255       0.038
FROM   43.156   TO   43.163       0.247       0.038
FROM   43.163   TO   43.165       0.239       0.038
FROM   43.165   TO   43.186       0.232       0.037
FROM   43.186   TO   43.187       0.224       0.037
FROM   43.187   TO   43.221       0.216       0.036
FROM   43.221   TO   43.231       0.208       0.036
FROM   43.231   TO   43.247       0.201       0.035
FROM   43.247   TO   43.247       0.193       0.035
FROM   43.247   TO   43.252       0.185       0.034
FROM   43.252   TO   43.255       0.177       0.034
FROM   43.255   TO   43.284       0.170       0.033
FROM   43.284   TO   43.290       0.162       0.032
FROM   43.290   TO   43.303       0.154       0.032
FROM   43.303   TO   43.306       0.146       0.031
FROM   43.306   TO   43.383       0.138       0.030
       43.353 C 
FROM   43.383   TO   43.390       0.131       0.030
FROM   43.390   TO   43.445       0.123       0.029
FROM   43.445   TO   43.450       0.115       0.028
FROM   43.450   TO   43.452       0.108       0.027
FROM   43.452   TO   43.462       0.100       0.026
FROM   43.462   TO   43.478       0.092       0.025
FROM   43.478   TO   43.493       0.085       0.024
FROM   43.493   TO   43.500       0.077       0.023
FROM   43.500   TO   43.512       0.069       0.022
FROM   43.512   TO   43.525       0.062       0.021
FROM   43.525   TO   43.532       0.054       0.020
FROM   43.532   TO   43.536       0.046       0.018
FROM   43.536   TO   43.612       0.038       0.017
FROM   43.612   TO   43.625       0.031       0.015
FROM   43.625   TO   43.698       0.023       0.013
FROM   43.698   TO   43.758       0.015       0.011
FROM   43.758   TO   43.913       0.008       0.008
FROM   43.913   ONWARDS          -0.000       0.000
          WARNING:  THE FIRST POINT WAS CHANGED TO A DETECTION
                    FOR THE K-M COMPUTATION
    
        PERCENTILES    
         75 TH     50 TH     25 TH
         42.308    42.806    43.140
    
        MEAN=    42.664 +/- 0.061   LIMITED TO     41.094

          SINCE A CENSORED POINT WAS CHANGED TO A DETECTION,
          THE MEAN ESTIMATE IS BIASED.
 
    
    
        KAPLAN-MEIER ESTIMATOR
    
    
        DATA FILE : two_sampl
    
        VARIABLE : Sy2      
    
    
        # OF DATA POINTS : 141 # OF UPPER LIMITS :   9
    
    
          VARIABLE RANGE      KM ESTIMATOR   ERROR
FROM    0.000   TO   41.108       1.000
FROM   41.108   TO   41.391       0.980       0.018
FROM   41.391   TO   41.480       0.960       0.023
FROM   41.480   TO   41.501       0.941       0.025
FROM   41.501   TO   41.878       0.921       0.024
       41.589 C 
       41.719 C 
       41.857 C 
FROM   41.878   TO   41.999       0.910       0.025
       41.937 C 
       41.958 C 
       41.970 C 
FROM   41.999   TO   42.019       0.901       0.026
FROM   42.019   TO   42.045       0.893       0.026
FROM   42.045   TO   42.155       0.885       0.027
       42.141 C 
FROM   42.155   TO   42.186       0.877       0.028
FROM   42.186   TO   42.213       0.870       0.029
       42.196 C 
FROM   42.213   TO   42.228       0.862       0.029
FROM   42.228   TO   42.233       0.855       0.030
FROM   42.233   TO   42.250       0.848       0.030
FROM   42.250   TO   42.267       0.841       0.031
FROM   42.267   TO   42.313       0.833       0.032
FROM   42.313   TO   42.344       0.826       0.032
FROM   42.344   TO   42.396       0.819       0.033
FROM   42.396   TO   42.435       0.812       0.033
FROM   42.435   TO   42.501       0.804       0.034
FROM   42.501   TO   42.505       0.797       0.034
FROM   42.505   TO   42.544       0.790       0.034
FROM   42.544   TO   42.544       0.783       0.035
FROM   42.544   TO   42.547       0.775       0.035
FROM   42.547   TO   42.549       0.768       0.036
FROM   42.549   TO   42.549       0.761       0.036
FROM   42.549   TO   42.568       0.754       0.036
FROM   42.568   TO   42.569       0.746       0.037
FROM   42.569   TO   42.571       0.739       0.037
FROM   42.571   TO   42.578       0.732       0.037
FROM   42.578   TO   42.593       0.725       0.038
FROM   42.593   TO   42.628       0.717       0.038
FROM   42.628   TO   42.629       0.710       0.038
FROM   42.629   TO   42.639       0.703       0.039
FROM   42.639   TO   42.648       0.696       0.039
FROM   42.648   TO   42.656       0.688       0.039
FROM   42.656   TO   42.659       0.681       0.039
FROM   42.659   TO   42.683       0.674       0.039
       42.682 C 
FROM   42.683   TO   42.706       0.667       0.040
FROM   42.706   TO   42.707       0.660       0.040
FROM   42.707   TO   42.714       0.652       0.040
FROM   42.714   TO   42.741       0.645       0.040
FROM   42.741   TO   42.743       0.638       0.040
FROM   42.743   TO   42.747       0.631       0.041
FROM   42.747   TO   42.757       0.624       0.041
FROM   42.757   TO   42.767       0.617       0.041
FROM   42.767   TO   42.781       0.610       0.041
FROM   42.781   TO   42.799       0.603       0.041
FROM   42.799   TO   42.812       0.596       0.041
FROM   42.812   TO   42.818       0.589       0.041
FROM   42.818   TO   42.837       0.582       0.042
FROM   42.837   TO   42.841       0.574       0.042
FROM   42.841   TO   42.850       0.567       0.042
FROM   42.850   TO   42.850       0.560       0.042
FROM   42.850   TO   42.864       0.553       0.042
FROM   42.864   TO   42.867       0.546       0.042
FROM   42.867   TO   42.870       0.539       0.042
FROM   42.870   TO   42.880       0.532       0.042
FROM   42.880   TO   42.883       0.525       0.042
FROM   42.883   TO   42.886       0.518       0.042
FROM   42.886   TO   42.899       0.511       0.042
FROM   42.899   TO   42.907       0.504       0.042
FROM   42.907   TO   42.911       0.496       0.042
FROM   42.911   TO   42.920       0.489       0.042
FROM   42.920   TO   42.926       0.482       0.042
FROM   42.926   TO   42.929       0.475       0.042
FROM   42.929   TO   42.948       0.468       0.042
FROM   42.948   TO   42.951       0.461       0.042
FROM   42.951   TO   42.963       0.454       0.042
FROM   42.963   TO   42.964       0.447       0.042
FROM   42.964   TO   42.969       0.440       0.042
FROM   42.969   TO   42.976       0.433       0.042
FROM   42.976   TO   42.978       0.426       0.042
FROM   42.978   TO   42.998       0.418       0.042
FROM   42.998   TO   43.002       0.411       0.041
FROM   43.002   TO   43.002       0.404       0.041
FROM   43.002   TO   43.007       0.397       0.041
FROM   43.007   TO   43.010       0.390       0.041
FROM   43.010   TO   43.011       0.383       0.041
FROM   43.011   TO   43.037       0.376       0.041
FROM   43.037   TO   43.048       0.369       0.041
FROM   43.048   TO   43.067       0.362       0.040
FROM   43.067   TO   43.077       0.355       0.040
FROM   43.077   TO   43.079       0.348       0.040
FROM   43.079   TO   43.102       0.340       0.040
FROM   43.102   TO   43.132       0.333       0.040
FROM   43.132   TO   43.135       0.326       0.039
FROM   43.135   TO   43.150       0.319       0.039
FROM   43.150   TO   43.151       0.312       0.039
FROM   43.151   TO   43.151       0.305       0.039
FROM   43.151   TO   43.164       0.298       0.039
FROM   43.164   TO   43.176       0.291       0.038
FROM   43.176   TO   43.177       0.284       0.038
FROM   43.177   TO   43.185       0.277       0.038
FROM   43.185   TO   43.200       0.270       0.037
FROM   43.200   TO   43.218       0.262       0.037
FROM   43.218   TO   43.237       0.255       0.037
FROM   43.237   TO   43.259       0.248       0.036
FROM   43.259   TO   43.262       0.241       0.036
FROM   43.262   TO   43.270       0.234       0.036
FROM   43.270   TO   43.275       0.227       0.035
FROM   43.275   TO   43.288       0.220       0.035
FROM   43.288   TO   43.302       0.213       0.034
FROM   43.302   TO   43.303       0.206       0.034
FROM   43.303   TO   43.306       0.199       0.034
FROM   43.306   TO   43.308       0.191       0.033
FROM   43.308   TO   43.315       0.184       0.033
FROM   43.315   TO   43.332       0.177       0.032
FROM   43.332   TO   43.332       0.170       0.032
FROM   43.332   TO   43.356       0.163       0.031
FROM   43.356   TO   43.364       0.156       0.031
FROM   43.364   TO   43.372       0.149       0.030
FROM   43.372   TO   43.375       0.142       0.029
FROM   43.375   TO   43.394       0.135       0.029
FROM   43.394   TO   43.397       0.128       0.028
FROM   43.397   TO   43.419       0.121       0.027
FROM   43.419   TO   43.428       0.113       0.027
FROM   43.428   TO   43.438       0.106       0.026
FROM   43.438   TO   43.438       0.099       0.025
FROM   43.438   TO   43.444       0.092       0.024
FROM   43.444   TO   43.464       0.085       0.023
FROM   43.464   TO   43.472       0.078       0.023
FROM   43.472   TO   43.488       0.071       0.022
FROM   43.488   TO   43.516       0.064       0.021
FROM   43.516   TO   43.581       0.057       0.019
FROM   43.581   TO   43.590       0.050       0.018
FROM   43.590   TO   43.639       0.043       0.017
FROM   43.639   TO   43.648       0.035       0.016
FROM   43.648   TO   43.665       0.028       0.014
FROM   43.665   TO   43.689       0.021       0.012
FROM   43.689   TO   43.694       0.014       0.010
FROM   43.694   TO   44.005       0.007       0.007
FROM   44.005   ONWARDS          -0.000       0.000
    
        PERCENTILES    
         75 TH     50 TH     25 TH
         42.558    42.903    43.232
    
        MEAN=    42.810 +/- 0.050
 
