           ******* TWO SAMPLE TEST ******
    
        TITLE : L500 Seyferts                                                                   
    
        DATA SET : two_sampl
        VARIABLE : L500     
        TESTED GROUPS ARE Sy1       AND Sy2      
     
      # OF DATA POINTS : 261, # OF UPPER LIMITS : 138
      # OF DATA POINTS IN GROUP I  : 125
      # OF DATA POINTS IN GROUP II : 136
     
 DISTINCT FAILURES         R(I)            M(I)        M(I)/R(I)         H(I)
     
           43.264        260.000          1.000          0.004          1.000
     
           43.122        259.000          1.000          0.004          0.996
     
           42.821        257.000          1.000          0.004          0.992
     
           42.814        256.000          1.000          0.004          0.988
     
           42.683        253.000          1.000          0.004          0.985
     
           42.646        251.000          1.000          0.004          0.981
     
           42.613        249.000          1.000          0.004          0.977
     
           42.588        247.000          1.000          0.004          0.973
     
           42.559        245.000          1.000          0.004          0.969
     
           42.550        244.000          1.000          0.004          0.965
     
           42.519        242.000          1.000          0.004          0.961
     
           42.512        241.000          1.000          0.004          0.957
     
           42.510        240.000          1.000          0.004          0.953
     
           42.510        239.000          1.000          0.004          0.949
     
           42.508        238.000          1.000          0.004          0.945
     
           42.494        235.000          1.000          0.004          0.941
     
           42.463        234.000          1.000          0.004          0.937
     
           42.454        231.000          1.000          0.004          0.933
     
           42.452        230.000          1.000          0.004          0.929
     
           42.423        227.000          1.000          0.004          0.925
     
           42.410        225.000          1.000          0.004          0.921
     
           42.406        223.000          1.000          0.004          0.917
     
           42.401        222.000          1.000          0.005          0.913
     
           42.392        220.000          1.000          0.005          0.909
     
           42.374        217.000          1.000          0.005          0.905
     
           42.369        215.000          1.000          0.005          0.900
     
           42.350        213.000          1.000          0.005          0.896
     
           42.348        212.000          1.000          0.005          0.892
     
           42.345        210.000          1.000          0.005          0.888
     
           42.323        206.000          1.000          0.005          0.884
     
           42.305        203.000          1.000          0.005          0.879
     
           42.295        201.000          1.000          0.005          0.875
     
           42.284        199.000          1.000          0.005          0.871
     
           42.260        196.000          1.000          0.005          0.866
     
           42.251        194.000          1.000          0.005          0.862
     
           42.245        193.000          1.000          0.005          0.857
     
           42.235        191.000          1.000          0.005          0.853
     
           42.225        190.000          1.000          0.005          0.848
     
           42.210        187.000          1.000          0.005          0.844
     
           42.203        186.000          1.000          0.005          0.839
     
           42.181        183.000          1.000          0.005          0.835
     
           42.179        180.000          1.000          0.006          0.830
     
           42.178        179.000          1.000          0.006          0.826
     
           42.171        176.000          1.000          0.006          0.821
     
           42.143        175.000          1.000          0.006          0.816
     
           42.119        172.000          1.000          0.006          0.812
     
           42.116        171.000          1.000          0.006          0.807
     
           42.107        169.000          1.000          0.006          0.802
     
           42.099        168.000          1.000          0.006          0.798
     
           42.068        164.000          1.000          0.006          0.793
     
           42.067        163.000          1.000          0.006          0.788
     
           42.066        162.000          1.000          0.006          0.783
     
           42.062        161.000          1.000          0.006          0.778
     
           42.035        159.000          1.000          0.006          0.774
     
           42.034        158.000          1.000          0.006          0.769
     
           42.033        157.000          1.000          0.006          0.764
     
           42.015        153.000          1.000          0.007          0.759
     
           42.014        151.000          1.000          0.007          0.754
     
           42.014        150.000          1.000          0.007          0.749
     
           42.005        148.000          1.000          0.007          0.744
     
           41.992        147.000          1.000          0.007          0.739
     
           41.980        145.000          1.000          0.007          0.734
     
           41.978        143.000          1.000          0.007          0.729
     
           41.969        142.000          1.000          0.007          0.724
     
           41.936        140.000          1.000          0.007          0.719
     
           41.928        139.000          1.000          0.007          0.714
     
           41.915        137.000          1.000          0.007          0.708
     
           41.912        135.000          1.000          0.007          0.703
     
           41.910        134.000          1.000          0.007          0.698
     
           41.898        130.000          1.000          0.008          0.693
     
           41.889        129.000          1.000          0.008          0.688
     
           41.885        128.000          1.000          0.008          0.682
     
           41.880        127.000          1.000          0.008          0.677
     
           41.871        123.000          1.000          0.008          0.672
     
           41.865        122.000          1.000          0.008          0.666
     
           41.864        121.000          1.000          0.008          0.661
     
           41.849        120.000          1.000          0.008          0.655
     
           41.848        119.000          1.000          0.008          0.650
     
           41.826        117.000          1.000          0.009          0.644
     
           41.822        116.000          1.000          0.009          0.639
     
           41.818        114.000          1.000          0.009          0.633
     
           41.787        112.000          1.000          0.009          0.628
     
           41.778        111.000          1.000          0.009          0.622
     
           41.764        110.000          1.000          0.009          0.616
     
           41.757        109.000          1.000          0.009          0.611
     
           41.751        108.000          1.000          0.009          0.605
     
           41.748        107.000          1.000          0.009          0.600
     
           41.734        104.000          1.000          0.010          0.594
     
           41.713        102.000          1.000          0.010          0.588
     
           41.693         99.000          1.000          0.010          0.583
     
           41.680         98.000          1.000          0.010          0.577
     
           41.663         95.000          1.000          0.011          0.571
     
           41.661         94.000          1.000          0.011          0.565
     
           41.649         92.000          1.000          0.011          0.559
     
           41.645         91.000          1.000          0.011          0.553
     
           41.632         90.000          1.000          0.011          0.547
     
           41.623         89.000          1.000          0.011          0.541
     
           41.599         87.000          1.000          0.011          0.534
     
           41.592         85.000          1.000          0.012          0.528
     
           41.591         84.000          1.000          0.012          0.522
     
           41.591         83.000          1.000          0.012          0.516
     
           41.586         82.000          1.000          0.012          0.510
     
           41.553         74.000          1.000          0.014          0.503
     
           41.519         72.000          1.000          0.014          0.497
     
           41.517         71.000          1.000          0.014          0.490
     
           41.464         66.000          1.000          0.015          0.483
     
           41.458         65.000          1.000          0.015          0.476
     
           41.443         64.000          1.000          0.016          0.468
     
           41.422         62.000          1.000          0.016          0.461
     
           41.405         61.000          1.000          0.016          0.453
     
           41.403         60.000          1.000          0.017          0.446
     
           41.388         56.000          1.000          0.018          0.439
     
           41.350         52.000          1.000          0.019          0.431
     
           41.337         46.000          1.000          0.022          0.422
     
           41.328         45.000          1.000          0.022          0.413
     
           41.272         42.000          1.000          0.024          0.404
     
           41.146         34.000          1.000          0.029          0.395
     
           41.101         31.000          1.000          0.032          0.383
     
           41.099         30.000          1.000          0.033          0.371
     
           41.060         29.000          1.000          0.034          0.358
     
           40.907         21.000          1.000          0.048          0.346
     
           40.897         20.000          1.000          0.050          0.329
     
           40.733         13.000          1.000          0.077          0.313
                                                                        0.289
     
     
        GEHAN`S GENERALIZED WILCOXON TEST -- PERMUTATION VARIANCE
     
          WW =    785.00
          VAR= 795655.615
     


                 T(I)       ID1(I)    ID2(I)   R1(I)    R2(I)
              43.550         1         1       0.0       1.0
              43.264         0         2    -259.0     260.0
              43.122         0         1    -257.0     259.0
              42.956         1         1       2.0       1.0
              42.821         0         1    -254.0     257.0
              42.814         0         2    -252.0     256.0
              42.761         1         1       4.0       1.0
              42.701         1         1       4.0       1.0
              42.683         0         1    -248.0     253.0
              42.664         1         2       5.0       1.0
              42.646         0         1    -245.0     251.0
              42.630         1         1       6.0       1.0
              42.613         0         2    -242.0     249.0
              42.592         1         2       7.0       1.0
              42.588         0         2    -239.0     247.0
              42.569         1         1       8.0       1.0
              42.559         0         1    -236.0     245.0
              42.550         0         2    -234.0     244.0
              42.538         1         2      10.0       1.0
              42.519         0         2    -231.0     242.0
              42.512         0         1    -229.0     241.0
              42.510         0         2    -227.0     240.0
              42.510         0         1    -225.0     239.0
              42.508         0         2    -223.0     238.0
              42.497         1         1      15.0       1.0
              42.496         1         2      15.0       1.0
              42.494         0         1    -219.0     235.0
              42.463         0         2    -217.0     234.0
              42.461         1         1      17.0       1.0
              42.461         1         1      17.0       1.0
              42.454         0         1    -213.0     231.0
              42.452         0         2    -211.0     230.0
              42.448         1         1      19.0       1.0
              42.428         1         2      19.0       1.0
              42.423         0         1    -207.0     227.0
              42.421         1         1      20.0       1.0
              42.410         0         1    -204.0     225.0
              42.406         1         2      21.0       1.0
              42.406         0         2    -201.0     223.0
              42.401         0         2    -199.0     222.0
              42.398         1         1      23.0       1.0
              42.392         0         1    -196.0     220.0
              42.386         1         2      24.0       1.0
              42.375         1         2      24.0       1.0
              42.374         0         2    -192.0     217.0
              42.370         1         1      25.0       1.0
              42.369         0         1    -189.0     215.0
              42.358         1         2      26.0       1.0
              42.350         0         1    -186.0     213.0
              42.348         0         1    -184.0     212.0
              42.345         1         2      28.0       1.0
              42.345         0         1    -181.0     210.0
              42.339         1         1      29.0       1.0
              42.333         1         1      29.0       1.0
              42.330         1         1      29.0       1.0
              42.323         0         2    -176.0     206.0
              42.310         1         1      30.0       1.0
              42.306         1         1      30.0       1.0
              42.305         0         1    -172.0     203.0
              42.304         1         2      31.0       1.0
              42.295         0         1    -169.0     201.0
              42.292         1         1      32.0       1.0
              42.284         0         2    -166.0     199.0
              42.275         1         1      33.0       1.0
              42.264         1         2      33.0       1.0
              42.260         0         2    -162.0     196.0
              42.252         1         1      34.0       1.0
              42.251         0         2    -159.0     194.0
              42.245         0         2    -157.0     193.0
              42.240         1         1      36.0       1.0
              42.235         0         2    -154.0     191.0
              42.225         0         2    -152.0     190.0
              42.224         1         1      38.0       1.0
              42.217         1         1      38.0       1.0
              42.210         0         2    -148.0     187.0
              42.203         0         2    -146.0     186.0
              42.198         1         1      40.0       1.0
              42.191         1         2      40.0       1.0
              42.181         0         2    -142.0     183.0
              42.180         1         2      41.0       1.0
              42.179         1         1      41.0       1.0
              42.179         0         2    -138.0     180.0
              42.178         0         2    -136.0     179.0
              42.178         1         1      43.0       1.0
              42.171         1         1      43.0       1.0
              42.171         0         1    -132.0     176.0
              42.143         0         1    -130.0     175.0
              42.129         1         2      45.0       1.0
              42.121         1         1      45.0       1.0
              42.119         0         2    -126.0     172.0
              42.116         0         2    -124.0     171.0
              42.110         1         2      47.0       1.0
              42.107         0         1    -121.0     169.0
              42.099         0         1    -119.0     168.0
              42.088         1         1      49.0       1.0
              42.086         1         1      49.0       1.0
              42.075         1         1      49.0       1.0
              42.068         0         1    -114.0     164.0
              42.067         0         2    -112.0     163.0
              42.066         0         1    -110.0     162.0
              42.062         0         2    -108.0     161.0
              42.049         1         1      53.0       1.0
              42.035         0         2    -105.0     159.0
              42.034         0         2    -103.0     158.0
              42.033         0         1    -101.0     157.0
              42.027         1         1      56.0       1.0
              42.021         1         1      56.0       1.0
              42.017         1         1      56.0       1.0
              42.015         0         1     -96.0     153.0
              42.014         1         1      57.0       1.0
              42.014         0         2     -93.0     151.0
              42.014         0         1     -91.0     150.0
              42.011         1         1      59.0       1.0
              42.005         0         2     -88.0     148.0
              41.992         0         2     -86.0     147.0
              41.984         1         1      61.0       1.0
              41.980         0         2     -83.0     145.0
              41.979         1         1      62.0       1.0
              41.978         0         2     -80.0     143.0
              41.969         0         2     -78.0     142.0
              41.936         1         2      64.0       1.0
              41.936         0         2     -75.0     140.0
              41.928         0         1     -73.0     139.0
              41.923         1         1      66.0       1.0
              41.915         0         1     -70.0     137.0
              41.914         1         2      67.0       1.0
              41.912         0         1     -67.0     135.0
              41.910         0         2     -65.0     134.0
              41.902         1         2      69.0       1.0
              41.900         1         2      69.0       1.0
              41.899         1         2      69.0       1.0
              41.898         0         2     -60.0     130.0
              41.889         0         2     -58.0     129.0
              41.885         0         1     -56.0     128.0
              41.880         0         1     -54.0     127.0
              41.876         1         1      73.0       1.0
              41.876         1         2      73.0       1.0
              41.872         1         1      73.0       1.0
              41.871         0         2     -49.0     123.0
              41.865         0         2     -47.0     122.0
              41.864         0         1     -45.0     121.0
              41.849         0         1     -43.0     120.0
              41.848         0         2     -41.0     119.0
              41.840         1         2      78.0       1.0
              41.826         0         2     -38.0     117.0
              41.822         0         2     -36.0     116.0
              41.818         1         1      80.0       1.0
              41.818         0         2     -33.0     114.0
              41.792         1         2      81.0       1.0
              41.787         0         2     -30.0     112.0
              41.778         0         2     -28.0     111.0
              41.764         0         2     -26.0     110.0
              41.757         0         1     -24.0     109.0
              41.751         0         2     -22.0     108.0
              41.748         0         1     -20.0     107.0
              41.748         1         2      87.0       1.0
              41.737         1         1      87.0       1.0
              41.734         0         2     -16.0     104.0
              41.729         1         1      88.0       1.0
              41.713         0         2     -13.0     102.0
              41.707         1         2      89.0       1.0
              41.707         1         1      89.0       1.0
              41.693         0         2      -9.0      99.0
              41.680         0         2      -7.0      98.0
              41.680         1         2      91.0       1.0
              41.676         1         2      91.0       1.0
              41.663         0         2      -3.0      95.0
              41.661         0         2      -1.0      94.0
              41.657         1         2      93.0       1.0
              41.649         0         2       2.0      92.0
              41.645         0         2       4.0      91.0
              41.632         0         1       6.0      90.0
              41.623         0         2       8.0      89.0
              41.600         1         2      97.0       1.0
              41.599         0         1      11.0      87.0
              41.594         1         1      98.0       1.0
              41.592         0         2      14.0      85.0
              41.591         0         2      16.0      84.0
              41.591         0         2      18.0      83.0
              41.586         0         2      20.0      82.0
              41.585         1         1     102.0       1.0
              41.584         1         1     102.0       1.0
              41.578         1         2     102.0       1.0
              41.567         1         1     102.0       1.0
              41.563         1         1     102.0       1.0
              41.557         1         1     102.0       1.0
              41.554         1         1     102.0       1.0
              41.553         0         2      29.0      74.0
              41.543         1         2     103.0       1.0
              41.519         0         2      32.0      72.0
              41.517         0         1      34.0      71.0
              41.502         1         2     105.0       1.0
              41.494         1         1     105.0       1.0
              41.477         1         2     105.0       1.0
              41.468         1         1     105.0       1.0
              41.464         0         2      40.0      66.0
              41.458         0         1      42.0      65.0
              41.443         0         1      44.0      64.0
              41.429         1         2     108.0       1.0
              41.422         0         2      47.0      62.0
              41.405         0         1      49.0      61.0
              41.403         0         2      51.0      60.0
              41.401         1         2     111.0       1.0
              41.399         1         1     111.0       1.0
              41.393         1         1     111.0       1.0
              41.388         0         2      56.0      56.0
              41.374         1         1     112.0       1.0
              41.361         1         1     112.0       1.0
              41.361         1         2     112.0       1.0
              41.350         0         1      61.0      52.0
              41.349         1         1     113.0       1.0
              41.349         1         1     113.0       1.0
              41.346         1         2     113.0       1.0
              41.345         1         2     113.0       1.0
              41.345         1         1     113.0       1.0
              41.337         0         2      68.0      46.0
              41.328         0         2      70.0      45.0
              41.302         1         2     115.0       1.0
              41.283         1         1     115.0       1.0
              41.272         0         2      74.0      42.0
              41.249         1         2     116.0       1.0
              41.247         1         2     116.0       1.0
              41.222         1         1     116.0       1.0
              41.216         1         2     116.0       1.0
              41.171         1         2     116.0       1.0
              41.169         1         1     116.0       1.0
              41.160         1         2     116.0       1.0
              41.146         0         2      83.0      34.0
              41.133         1         1     117.0       1.0
              41.118         1         2     117.0       1.0
              41.101         0         1      87.0      31.0
              41.099         0         2      89.0      30.0
              41.060         0         2      91.0      29.0
              41.034         1         1     120.0       1.0
              41.032         1         1     120.0       1.0
              41.009         1         2     120.0       1.0
              41.008         1         1     120.0       1.0
              40.967         1         1     120.0       1.0
              40.927         1         1     120.0       1.0
              40.907         1         2     120.0       1.0
              40.907         0         2     100.0      21.0
              40.897         0         1     102.0      20.0
              40.867         1         1     122.0       1.0
              40.829         1         1     122.0       1.0
              40.826         1         2     122.0       1.0
              40.823         1         2     122.0       1.0
              40.752         1         1     122.0       1.0
              40.737         1         1     122.0       1.0
              40.733         0         1     110.0      13.0
              40.722         1         1     123.0       1.0
              40.712         1         2     123.0       1.0
              40.694         1         2     123.0       1.0
              40.623         1         2     123.0       1.0
              40.617         1         1     123.0       1.0
              40.610         1         2     123.0       1.0
              40.599         1         2     123.0       1.0
              40.554         1         2     123.0       1.0
              40.525         1         2     123.0       1.0
              40.257         1         2     123.0       1.0
              40.029         1         2     123.0       1.0
              39.975         1         1     123.0       1.0
          TEST STATISTIC        =       0.880
          PROBABILITY           =       0.3788

     
        GEHAN`S GENERALIZED WILCOXON TEST -- HYPERGEOMETRIC VARIANCE
     
          WW  =         785.000
          VAR =      789628.000
     
             

               T(I)         SCORE(I)
              43.264        124.000
              43.122       -135.000
              42.821       -135.000
              42.814        121.000
              42.683       -134.000
              42.646       -133.000
              42.613        116.000
              42.588        116.000
              42.559       -130.000
              42.550        114.000
              42.519        114.000
              42.512       -127.000
              42.510        113.000
              42.510       -126.000
              42.508        112.000
              42.494       -124.000
              42.463        110.000
              42.454       -123.000
              42.452        107.000
              42.423       -121.000
              42.410       -121.000
              42.406        103.000
              42.401        103.000
              42.392       -118.000
              42.374        101.000
              42.369       -115.000
              42.350       -114.000
              42.348       -114.000
              42.345       -113.000
              42.323         93.000
              42.305       -112.000
              42.295       -111.000
              42.284         88.000
              42.260         87.000
              42.251         86.000
              42.245         86.000
              42.235         85.000
              42.225         85.000
              42.210         83.000
              42.203         83.000
              42.181         82.000
              42.179         81.000
              42.178         81.000
              42.171        -97.000
              42.143        -97.000
              42.119         76.000
              42.116         76.000
              42.107        -93.000
              42.099        -93.000
              42.068        -93.000
              42.067         70.000
              42.066        -92.000
              42.062         69.000
              42.035         68.000
              42.034         68.000
              42.033        -89.000
              42.015        -89.000
              42.014         62.000
              42.014        -88.000
              42.005         60.000
              41.992         60.000
              41.980         59.000
              41.978         58.000
              41.969         58.000
              41.936         58.000
              41.928        -81.000
              41.915        -81.000
              41.912        -80.000
              41.910         54.000
              41.898         54.000
              41.889         54.000
              41.885        -74.000
              41.880        -74.000
              41.871         50.000
              41.865         50.000
              41.864        -71.000
              41.849        -71.000
              41.848         48.000
              41.826         48.000
              41.822         48.000
              41.818         47.000
              41.787         47.000
              41.778         47.000
              41.764         47.000
              41.757        -62.000
              41.751         46.000
              41.748        -61.000
              41.734         44.000
              41.713         43.000
              41.693         42.000
              41.680         42.000
              41.663         42.000
              41.661         42.000
              41.649         42.000
              41.645         42.000
              41.632        -48.000
              41.623         41.000
              41.599        -46.000
              41.592         39.000
              41.591         39.000
              41.591         39.000
              41.586         39.000
              41.553         33.000
              41.519         33.000
              41.517        -38.000
              41.464         30.000
              41.458        -35.000
              41.443        -35.000
              41.422         28.000
              41.405        -33.000
              41.403         27.000
              41.388         25.000
              41.350        -29.000
              41.337         19.000
              41.328         19.000
              41.272         18.000
              41.146         16.000
              41.101        -16.000
              41.099         14.000
              41.060         14.000
              40.907          9.000
              40.897        -11.000
              40.733         -9.000
          TEST STATISTIC        =       0.883
          PROBABILITY           =       0.3770

     
        LOGRANK TEST 
     
          WW  =           8.483
          VAR =          30.268
     
             

               T(I)         SCORE(I)
              43.264          0.477
              43.122         -0.521
              42.821         -0.525
              42.814          0.473
              42.683         -0.530
              42.646         -0.530
              42.613          0.466
              42.588          0.470
              42.559         -0.531
              42.550          0.467
              42.519          0.471
              42.512         -0.527
              42.510          0.471
              42.510         -0.527
              42.508          0.471
              42.494         -0.528
              42.463          0.470
              42.454         -0.532
              42.452          0.465
              42.423         -0.533
              42.410         -0.538
              42.406          0.462
              42.401          0.464
              42.392         -0.536
              42.374          0.465
              42.369         -0.535
              42.350         -0.535
              42.348         -0.538
              42.345         -0.538
              42.323          0.451
              42.305         -0.552
              42.295         -0.552
              42.284          0.442
              42.260          0.444
              42.251          0.443
              42.245          0.446
              42.235          0.445
              42.225          0.447
              42.210          0.444
              42.203          0.446
              42.181          0.448
              42.179          0.450
              42.178          0.453
              42.171         -0.551
              42.143         -0.554
              42.119          0.442
              42.116          0.444
              42.107         -0.550
              42.099         -0.554
              42.068         -0.567
              42.067          0.429
              42.066         -0.568
              42.062          0.429
              42.035          0.428
              42.034          0.430
              42.033         -0.567
              42.015         -0.582
              42.014          0.411
              42.014         -0.587
              42.005          0.405
              41.992          0.408
              41.980          0.407
              41.978          0.406
              41.969          0.408
              41.936          0.414
              41.928         -0.583
              41.915         -0.591
              41.912         -0.593
              41.910          0.403
              41.898          0.415
              41.889          0.419
              41.885         -0.578
              41.880         -0.583
              41.871          0.407
              41.865          0.410
              41.864         -0.587
              41.849         -0.592
              41.848          0.403
              41.826          0.410
              41.822          0.414
              41.818          0.412
              41.787          0.420
              41.778          0.423
              41.764          0.427
              41.757         -0.569
              41.751          0.426
              41.748         -0.570
              41.734          0.423
              41.713          0.422
              41.693          0.424
              41.680          0.429
              41.663          0.442
              41.661          0.447
              41.649          0.457
              41.645          0.462
              41.632         -0.533
              41.623          0.461
              41.599         -0.529
              41.592          0.459
              41.591          0.464
              41.591          0.470
              41.586          0.476
              41.553          0.446
              41.519          0.458
              41.517         -0.535
              41.464          0.455
              41.458         -0.538
              41.443         -0.547
              41.422          0.452
              41.405         -0.541
              41.403          0.450
              41.388          0.446
              41.350         -0.558
              41.337          0.413
              41.328          0.422
              41.272          0.429
              41.146          0.471
              41.101         -0.516
              41.099          0.467
              41.060          0.483
              40.907          0.429
              40.897         -0.550
              40.733         -0.692
          TEST STATISTIC        =       1.542
          PROBABILITY           =       0.1231

     
        PETO & PETO GENERALIZED WILCOXON TEST
     
          WW =     -4.83
          VAR=     16.715
     


               T(I)         SCORE(I)
              43.550          0.000
              43.264          0.996
              43.122          0.988
              42.956         -0.008
              42.821          0.981
              42.814          0.973
              42.761         -0.015
              42.701         -0.015
              42.683          0.965
              42.664         -0.019
              42.646          0.957
              42.630         -0.023
              42.613          0.950
              42.592         -0.027
              42.588          0.942
              42.569         -0.031
              42.559          0.934
              42.550          0.926
              42.538         -0.039
              42.519          0.918
              42.512          0.910
              42.510          0.902
              42.510          0.894
              42.508          0.886
              42.497         -0.059
              42.496         -0.059
              42.494          0.878
              42.463          0.870
              42.461         -0.067
              42.461         -0.067
              42.454          0.862
              42.452          0.854
              42.448         -0.075
              42.428         -0.075
              42.423          0.846
              42.421         -0.079
              42.410          0.838
              42.406         -0.083
              42.406          0.830
              42.401          0.821
              42.398         -0.091
              42.392          0.813
              42.386         -0.095
              42.375         -0.095
              42.374          0.805
              42.370         -0.100
              42.369          0.797
              42.358         -0.104
              42.350          0.788
              42.348          0.780
              42.345         -0.112
              42.345          0.771
              42.339         -0.116
              42.333         -0.116
              42.330         -0.116
              42.323          0.763
              42.310         -0.121
              42.306         -0.121
              42.305          0.754
              42.304         -0.125
              42.295          0.746
              42.292         -0.129
              42.284          0.737
              42.275         -0.134
              42.264         -0.134
              42.260          0.728
              42.252         -0.138
              42.251          0.719
              42.245          0.710
              42.240         -0.147
              42.235          0.701
              42.225          0.692
              42.224         -0.156
              42.217         -0.156
              42.210          0.683
              42.203          0.674
              42.198         -0.165
              42.191         -0.165
              42.181          0.665
              42.180         -0.170
              42.179         -0.170
              42.179          0.656
              42.178          0.647
              42.178         -0.179
              42.171         -0.179
              42.171          0.638
              42.143          0.628
              42.129         -0.188
              42.121         -0.188
              42.119          0.619
              42.116          0.609
              42.110         -0.198
              42.107          0.600
              42.099          0.591
              42.088         -0.207
              42.086         -0.207
              42.075         -0.207
              42.068          0.581
              42.067          0.571
              42.066          0.562
              42.062          0.552
              42.049         -0.226
              42.035          0.542
              42.034          0.532
              42.033          0.523
              42.027         -0.241
              42.021         -0.241
              42.017         -0.241
              42.015          0.513
              42.014         -0.246
              42.014          0.503
              42.014          0.493
              42.011         -0.256
              42.005          0.483
              41.992          0.473
              41.984         -0.266
              41.980          0.463
              41.979         -0.271
              41.978          0.453
              41.969          0.442
              41.936         -0.281
              41.936          0.432
              41.928          0.422
              41.923         -0.292
              41.915          0.412
              41.914         -0.297
              41.912          0.401
              41.910          0.391
              41.902         -0.307
              41.900         -0.307
              41.899         -0.307
              41.898          0.380
              41.889          0.370
              41.885          0.359
              41.880          0.348
              41.876         -0.328
              41.876         -0.328
              41.872         -0.328
              41.871          0.338
              41.865          0.327
              41.864          0.316
              41.849          0.305
              41.848          0.294
              41.840         -0.356
              41.826          0.283
              41.822          0.272
              41.818         -0.367
              41.818          0.261
              41.792         -0.372
              41.787          0.250
              41.778          0.238
              41.764          0.227
              41.757          0.216
              41.751          0.205
              41.748          0.194
              41.748         -0.406
              41.737         -0.406
              41.734          0.182
              41.729         -0.412
              41.713          0.171
              41.707         -0.417
              41.707         -0.417
              41.693          0.159
              41.680          0.147
              41.680         -0.429
              41.676         -0.429
              41.663          0.136
              41.661          0.124
              41.657         -0.441
              41.649          0.111
              41.645          0.099
              41.632          0.087
              41.623          0.075
              41.600         -0.466
              41.599          0.063
              41.594         -0.472
              41.592          0.050
              41.591          0.038
              41.591          0.026
              41.586          0.013
              41.585         -0.497
              41.584         -0.497
              41.578         -0.497
              41.567         -0.497
              41.563         -0.497
              41.557         -0.497
              41.554         -0.497
              41.553          0.000
              41.543         -0.503
              41.519         -0.014
              41.517         -0.027
              41.502         -0.517
              41.494         -0.517
              41.477         -0.517
              41.468         -0.517
              41.464         -0.042
              41.458         -0.056
              41.443         -0.071
              41.429         -0.539
              41.422         -0.086
              41.405         -0.100
              41.403         -0.115
              41.401         -0.561
              41.399         -0.561
              41.393         -0.561
              41.388         -0.131
              41.374         -0.569
              41.361         -0.569
              41.361         -0.569
              41.350         -0.147
              41.349         -0.578
              41.349         -0.578
              41.346         -0.578
              41.345         -0.578
              41.345         -0.578
              41.337         -0.164
              41.328         -0.183
              41.302         -0.596
              41.283         -0.596
              41.272         -0.201
              41.249         -0.605
              41.247         -0.605
              41.222         -0.605
              41.216         -0.605
              41.171         -0.605
              41.169         -0.605
              41.160         -0.605
              41.146         -0.223
              41.133         -0.617
              41.118         -0.617
              41.101         -0.247
              41.099         -0.271
              41.060         -0.296
              41.034         -0.654
              41.032         -0.654
              41.009         -0.654
              41.008         -0.654
              40.967         -0.654
              40.927         -0.654
              40.907         -0.654
              40.907         -0.325
              40.897         -0.358
              40.867         -0.687
              40.829         -0.687
              40.826         -0.687
              40.823         -0.687
              40.752         -0.687
              40.737         -0.687
              40.733         -0.398
              40.722         -0.711
              40.712         -0.711
              40.694         -0.711
              40.623         -0.711
              40.617         -0.711
              40.610         -0.711
              40.599         -0.711
              40.554         -0.711
              40.525         -0.711
              40.257         -0.711
              40.029         -0.711
              39.975         -0.711
          TEST STATISTIC        =       1.181
          PROBABILITY           =       0.2376

     
        PETO & PRENTICE GENERALIZED WILCOXON TEST
     
          WW  =           4.800
          VAR =          16.106
     
             

               T(I)         SCORE(I)
              43.264          0.992
              43.122          0.000
              42.821          0.000
              42.814          0.969
              42.683         -0.019
              42.646          0.000
              42.613          0.919
              42.588          0.938
              42.559          0.000
              42.550          0.884
              42.519          0.914
              42.512          0.000
              42.510          0.899
              42.510          0.000
              42.508          0.824
              42.494          0.000
              42.463          0.867
              42.454          0.000
              42.452          0.776
              42.423          0.000
              42.410         -0.083
              42.406          0.826
              42.401          0.818
              42.392         -0.190
              42.374          0.802
              42.369         -0.103
              42.350          0.000
              42.348         -0.112
              42.345          0.000
              42.323          0.759
              42.305         -0.125
              42.295          0.000
              42.284          0.600
              42.260          0.725
              42.251          0.716
              42.245          0.707
              42.235          0.698
              42.225          0.689
              42.210          0.680
              42.203          0.507
              42.181          0.493
              42.179          0.653
              42.178          0.644
              42.171          0.000
              42.143         -0.187
              42.119          0.616
              42.116          0.410
              42.107          0.000
              42.099          0.000
              42.068          0.000
              42.067          0.568
              42.066          0.000
              42.062          0.549
              42.035          0.539
              42.034          0.530
              42.033          0.000
              42.015          0.000
              42.014          0.500
              42.014          0.000
              42.005          0.480
              41.992          0.470
              41.980          0.460
              41.978          0.450
              41.969          0.160
              41.936          0.430
              41.928          0.000
              41.915         -0.295
              41.912          0.000
              41.910         -0.529
              41.898          0.378
              41.889          0.367
              41.885          0.000
              41.880         -0.327
              41.871          0.335
              41.865          0.324
              41.864          0.000
              41.849          0.000
              41.848         -0.062
              41.826          0.281
              41.822          0.270
              41.818         -0.112
              41.787          0.248
              41.778          0.237
              41.764          0.225
              41.757          0.000
              41.751          0.203
              41.748         -0.404
              41.734          0.181
              41.713         -0.246
              41.693          0.158
              41.680         -0.708
              41.663          0.134
              41.661         -0.317
              41.649          0.110
              41.645          0.098
              41.632          0.000
              41.623         -0.389
              41.599          0.000
              41.592          0.049
              41.591          0.037
              41.591          0.024
              41.586         -0.482
              41.553         -0.502
              41.519         -0.015
              41.517         -1.029
              41.464         -0.043
              41.458         -0.000
              41.443         -0.536
              41.422         -0.087
              41.405         -0.000
              41.403         -0.675
              41.388         -0.698
              41.350         -1.148
              41.337         -0.166
              41.328         -0.777
              41.272         -3.212
              41.146         -0.839
              41.101         -0.000
              41.099         -0.275
              41.060         -1.598
              40.907         -0.331
              40.897         -1.363
              40.733         -6.336
          TEST STATISTIC        =       1.196
          PROBABILITY           =       0.2316

    
    
        KAPLAN-MEIER ESTIMATOR
    
    
        DATA FILE : two_sampl
    
        VARIABLE : Sy1      
    
    
        # OF DATA POINTS : 125 # OF UPPER LIMITS :  79
    
    
          VARIABLE RANGE      KM ESTIMATOR   ERROR
FROM    0.000   TO   39.975       1.000
FROM   39.975   TO   40.733       0.692       0.105
       40.617 C 
       40.722 C 
FROM   40.733   TO   40.897       0.589       0.075
       40.737 C 
       40.752 C 
       40.829 C 
       40.867 C 
FROM   40.897   TO   41.101       0.538       0.064
       40.927 C 
       40.967 C 
       41.008 C 
       41.032 C 
       41.034 C 
FROM   41.101   TO   41.350       0.505       0.060
       41.133 C 
       41.169 C 
       41.222 C 
       41.283 C 
       41.345 C 
       41.349 C 
       41.349 C 
FROM   41.350   TO   41.405       0.482       0.058
       41.361 C 
       41.374 C 
       41.393 C 
       41.399 C 
FROM   41.405   TO   41.443       0.463       0.057
FROM   41.443   TO   41.458       0.444       0.056
FROM   41.458   TO   41.517       0.425       0.055
       41.468 C 
       41.494 C 
FROM   41.517   TO   41.599       0.407       0.053
       41.554 C 
       41.557 C 
       41.563 C 
       41.567 C 
       41.584 C 
       41.585 C 
       41.594 C 
FROM   41.599   TO   41.632       0.392       0.053
FROM   41.632   TO   41.748       0.377       0.052
       41.707 C 
       41.729 C 
       41.737 C 
FROM   41.748   TO   41.757       0.363       0.051
FROM   41.757   TO   41.849       0.350       0.050
       41.818 C 
FROM   41.849   TO   41.864       0.336       0.049
FROM   41.864   TO   41.880       0.322       0.048
       41.872 C 
       41.876 C 
FROM   41.880   TO   41.885       0.309       0.048
FROM   41.885   TO   41.912       0.296       0.047
FROM   41.912   TO   41.915       0.283       0.046
FROM   41.915   TO   41.928       0.270       0.045
       41.923 C 
FROM   41.928   TO   42.014       0.258       0.044
       41.979 C 
       41.984 C 
       42.011 C 
FROM   42.014   TO   42.015       0.245       0.043
       42.014 C 
FROM   42.015   TO   42.033       0.233       0.042
       42.017 C 
       42.021 C 
       42.027 C 
FROM   42.033   TO   42.066       0.222       0.041
       42.049 C 
FROM   42.066   TO   42.068       0.211       0.040
FROM   42.068   TO   42.099       0.199       0.038
       42.075 C 
       42.086 C 
       42.088 C 
FROM   42.099   TO   42.107       0.189       0.037
FROM   42.107   TO   42.143       0.178       0.036
       42.121 C 
FROM   42.143   TO   42.171       0.167       0.035
FROM   42.171   TO   42.295       0.156       0.034
       42.171 C 
       42.178 C 
       42.179 C 
       42.198 C 
       42.217 C 
       42.224 C 
       42.240 C 
       42.252 C 
       42.275 C 
       42.292 C 
FROM   42.295   TO   42.305       0.147       0.033
FROM   42.305   TO   42.345       0.137       0.032
       42.306 C 
       42.310 C 
       42.330 C 
       42.333 C 
       42.339 C 
FROM   42.345   TO   42.348       0.128       0.031
FROM   42.348   TO   42.350       0.119       0.030
FROM   42.350   TO   42.369       0.111       0.029
FROM   42.369   TO   42.392       0.102       0.028
       42.370 C 
FROM   42.392   TO   42.410       0.093       0.027
       42.398 C 
FROM   42.410   TO   42.423       0.084       0.025
       42.421 C 
FROM   42.423   TO   42.454       0.075       0.024
       42.448 C 
FROM   42.454   TO   42.494       0.066       0.023
       42.461 C 
       42.461 C 
FROM   42.494   TO   42.510       0.058       0.021
       42.497 C 
FROM   42.510   TO   42.512       0.050       0.020
FROM   42.512   TO   42.559       0.041       0.018
FROM   42.559   TO   42.646       0.033       0.016
       42.569 C 
       42.630 C 
FROM   42.646   TO   42.683       0.024       0.014
FROM   42.683   TO   42.821       0.016       0.011
       42.701 C 
       42.761 C 
FROM   42.821   TO   43.122       0.008       0.008
       42.956 C 
FROM   43.122   ONWARDS           0.000       0.000
       43.550 C 
          WARNING:  THE FIRST POINT WAS CHANGED TO A DETECTION
                    FOR THE K-M COMPUTATION
    
        PERCENTILES    
         75 TH     50 TH     25 TH
         32.440    41.155    41.981
    
        MEAN=    41.161 +/- 0.127   LIMITED TO     39.975

          SINCE A CENSORED POINT WAS CHANGED TO A DETECTION,
          THE MEAN ESTIMATE IS BIASED.
 
    
    
        KAPLAN-MEIER ESTIMATOR
    
    
        DATA FILE : two_sampl
    
        VARIABLE : Sy2      
    
    
        # OF DATA POINTS : 136 # OF UPPER LIMITS :  59
    
    
          VARIABLE RANGE      KM ESTIMATOR   ERROR
FROM    0.000   TO   40.029       1.000
FROM   40.029   TO   40.907       0.750       0.051
       40.257 C 
       40.525 C 
       40.554 C 
       40.599 C 
       40.610 C 
       40.623 C 
       40.694 C 
       40.712 C 
       40.823 C 
       40.826 C 
FROM   40.907   TO   41.060       0.727       0.050
       40.907 C 
       41.009 C 
FROM   41.060   TO   41.099       0.707       0.050
FROM   41.099   TO   41.146       0.688       0.049
       41.118 C 
FROM   41.146   TO   41.272       0.669       0.048
       41.160 C 
       41.171 C 
       41.216 C 
       41.247 C 
       41.249 C 
FROM   41.272   TO   41.328       0.655       0.048
       41.302 C 
FROM   41.328   TO   41.337       0.641       0.048
FROM   41.337   TO   41.388       0.627       0.048
       41.345 C 
       41.346 C 
       41.361 C 
FROM   41.388   TO   41.403       0.615       0.048
       41.401 C 
FROM   41.403   TO   41.422       0.603       0.048
FROM   41.422   TO   41.464       0.591       0.048
       41.429 C 
FROM   41.464   TO   41.519       0.579       0.048
       41.477 C 
       41.502 C 
FROM   41.519   TO   41.553       0.568       0.048
       41.543 C 
FROM   41.553   TO   41.586       0.557       0.048
       41.578 C 
FROM   41.586   TO   41.591       0.547       0.048
FROM   41.591   TO   41.591       0.536       0.048
FROM   41.591   TO   41.592       0.526       0.048
FROM   41.592   TO   41.623       0.515       0.047
       41.600 C 
FROM   41.623   TO   41.645       0.505       0.047
FROM   41.645   TO   41.649       0.495       0.047
FROM   41.649   TO   41.661       0.484       0.047
       41.657 C 
FROM   41.661   TO   41.663       0.474       0.047
FROM   41.663   TO   41.680       0.464       0.047
       41.676 C 
       41.680 C 
FROM   41.680   TO   41.693       0.454       0.046
FROM   41.693   TO   41.713       0.445       0.046
       41.707 C 
FROM   41.713   TO   41.734       0.435       0.046
FROM   41.734   TO   41.751       0.425       0.046
       41.748 C 
FROM   41.751   TO   41.764       0.416       0.046
FROM   41.764   TO   41.778       0.407       0.045
FROM   41.778   TO   41.787       0.397       0.045
FROM   41.787   TO   41.818       0.388       0.045
       41.792 C 
FROM   41.818   TO   41.822       0.378       0.044
FROM   41.822   TO   41.826       0.369       0.044
FROM   41.826   TO   41.848       0.360       0.044
       41.840 C 
FROM   41.848   TO   41.865       0.351       0.043
FROM   41.865   TO   41.871       0.342       0.043
FROM   41.871   TO   41.889       0.332       0.043
       41.876 C 
FROM   41.889   TO   41.898       0.323       0.042
FROM   41.898   TO   41.910       0.314       0.042
       41.899 C 
       41.900 C 
       41.902 C 
FROM   41.910   TO   41.936       0.306       0.042
       41.914 C 
FROM   41.936   TO   41.969       0.297       0.041
       41.936 C 
FROM   41.969   TO   41.978       0.289       0.041
FROM   41.978   TO   41.980       0.280       0.040
FROM   41.980   TO   41.992       0.272       0.040
FROM   41.992   TO   42.005       0.263       0.040
FROM   42.005   TO   42.014       0.255       0.039
FROM   42.014   TO   42.034       0.246       0.039
FROM   42.034   TO   42.035       0.238       0.038
FROM   42.035   TO   42.062       0.229       0.038
FROM   42.062   TO   42.067       0.221       0.037
FROM   42.067   TO   42.116       0.213       0.036
       42.110 C 
FROM   42.116   TO   42.119       0.204       0.036
FROM   42.119   TO   42.178       0.196       0.035
       42.129 C 
FROM   42.178   TO   42.179       0.187       0.035
FROM   42.179   TO   42.181       0.179       0.034
       42.180 C 
FROM   42.181   TO   42.203       0.171       0.033
       42.191 C 
FROM   42.203   TO   42.210       0.163       0.033
FROM   42.210   TO   42.225       0.155       0.032
FROM   42.225   TO   42.235       0.147       0.031
FROM   42.235   TO   42.245       0.138       0.030
FROM   42.245   TO   42.251       0.130       0.030
FROM   42.251   TO   42.260       0.122       0.029
FROM   42.260   TO   42.284       0.114       0.028
       42.264 C 
FROM   42.284   TO   42.323       0.106       0.027
       42.304 C 
FROM   42.323   TO   42.374       0.098       0.026
       42.345 C 
       42.358 C 
FROM   42.374   TO   42.401       0.090       0.025
       42.375 C 
       42.386 C 
FROM   42.401   TO   42.406       0.082       0.024
FROM   42.406   TO   42.452       0.075       0.023
       42.406 C 
       42.428 C 
FROM   42.452   TO   42.463       0.067       0.022
FROM   42.463   TO   42.508       0.060       0.020
       42.496 C 
FROM   42.508   TO   42.510       0.052       0.019
FROM   42.510   TO   42.519       0.045       0.018
FROM   42.519   TO   42.550       0.037       0.016
       42.538 C 
FROM   42.550   TO   42.588       0.030       0.015
FROM   42.588   TO   42.613       0.022       0.013
       42.592 C 
FROM   42.613   TO   42.814       0.015       0.010
       42.664 C 
FROM   42.814   TO   43.264       0.007       0.007
FROM   43.264   ONWARDS           0.000       0.000
          WARNING:  THE FIRST POINT WAS CHANGED TO A DETECTION
                    FOR THE K-M COMPUTATION
    
        PERCENTILES    
         75 TH     50 TH     25 TH
         39.958    41.633    42.010
    
        MEAN=    41.377 +/- 0.088   LIMITED TO     40.029

          SINCE A CENSORED POINT WAS CHANGED TO A DETECTION,
          THE MEAN ESTIMATE IS BIASED.
 
