           ******* TWO SAMPLE TEST ******
    
        TITLE : L500 Seyferts                                                                   
    
        DATA SET : two_sampl
        VARIABLE : L500     
        TESTED GROUPS ARE Sy 1      AND Sy 2     
     
      # OF DATA POINTS : 306, # OF UPPER LIMITS : 166
      # OF DATA POINTS IN GROUP I  : 149
      # OF DATA POINTS IN GROUP II : 157
     
 DISTINCT FAILURES         R(I)            M(I)        M(I)/R(I)         H(I)
     
           43.461        306.000          1.000          0.003          1.000
     
           43.257        304.000          1.000          0.003          0.997
     
           43.104        303.000          1.000          0.003          0.993
     
           42.824        301.000          1.000          0.003          0.990
     
           42.777        300.000          1.000          0.003          0.987
     
           42.761        298.000          1.000          0.003          0.984
     
           42.728        297.000          1.000          0.003          0.980
     
           42.633        296.000          1.000          0.003          0.977
     
           42.611        295.000          1.000          0.003          0.974
     
           42.578        292.000          1.000          0.003          0.970
     
           42.568        291.000          1.000          0.003          0.967
     
           42.537        289.000          1.000          0.003          0.964
     
           42.532        288.000          1.000          0.003          0.960
     
           42.523        287.000          1.000          0.003          0.957
     
           42.519        286.000          1.000          0.003          0.954
     
           42.510        285.000          1.000          0.004          0.950
     
           42.509        284.000          1.000          0.004          0.947
     
           42.493        283.000          1.000          0.004          0.944
     
           42.471        281.000          1.000          0.004          0.940
     
           42.470        280.000          1.000          0.004          0.937
     
           42.458        279.000          1.000          0.004          0.934
     
           42.447        278.000          1.000          0.004          0.930
     
           42.441        277.000          1.000          0.004          0.927
     
           42.435        276.000          1.000          0.004          0.924
     
           42.386        268.000          1.000          0.004          0.920
     
           42.363        266.000          1.000          0.004          0.917
     
           42.358        264.000          1.000          0.004          0.913
     
           42.352        262.000          1.000          0.004          0.910
     
           42.347        261.000          1.000          0.004          0.907
     
           42.322        256.000          1.000          0.004          0.903
     
           42.319        255.000          1.000          0.004          0.900
     
           42.316        254.000          1.000          0.004          0.896
     
           42.311        252.000          1.000          0.004          0.892
     
           42.303        250.000          1.000          0.004          0.889
     
           42.299        247.000          1.000          0.004          0.885
     
           42.298        246.000          1.000          0.004          0.882
     
           42.294        245.000          1.000          0.004          0.878
     
           42.282        240.000          1.000          0.004          0.875
     
           42.268        238.000          1.000          0.004          0.871
     
           42.267        236.000          1.000          0.004          0.867
     
           42.266        235.000          1.000          0.004          0.864
     
           42.247        230.000          1.000          0.004          0.860
     
           42.247        229.000          1.000          0.004          0.856
     
           42.238        223.000          1.000          0.004          0.852
     
           42.235        222.000          1.000          0.005          0.849
     
           42.228        219.000          1.000          0.005          0.845
     
           42.228        218.000          1.000          0.005          0.841
     
           42.217        212.000          1.000          0.005          0.837
     
           42.209        210.000          1.000          0.005          0.833
     
           42.202        208.000          1.000          0.005          0.829
     
           42.181        202.000          1.000          0.005          0.825
     
           42.175        200.000          1.000          0.005          0.821
     
           42.168        197.000          1.000          0.005          0.817
     
           42.158        196.000          1.000          0.005          0.813
     
           42.156        195.000          1.000          0.005          0.809
     
           42.152        194.000          1.000          0.005          0.805
     
           42.152        193.000          1.000          0.005          0.800
     
           42.147        191.000          1.000          0.005          0.796
     
           42.137        186.000          1.000          0.005          0.792
     
           42.132        184.000          1.000          0.005          0.788
     
           42.105        181.000          1.000          0.006          0.784
     
           42.092        175.000          1.000          0.006          0.779
     
           42.075        170.000          1.000          0.006          0.775
     
           42.067        169.000          1.000          0.006          0.770
     
           42.059        166.000          1.000          0.006          0.766
     
           42.053        163.000          1.000          0.006          0.761
     
           42.052        162.000          1.000          0.006          0.756
     
           42.051        160.000          1.000          0.006          0.752
     
           42.041        156.000          1.000          0.006          0.747
     
           42.037        155.000          1.000          0.006          0.742
     
           42.034        154.000          1.000          0.006          0.737
     
           42.034        153.000          1.000          0.007          0.733
     
           42.032        152.000          1.000          0.007          0.728
     
           42.025        151.000          1.000          0.007          0.723
     
           42.023        149.000          1.000          0.007          0.718
     
           42.020        148.000          1.000          0.007          0.713
     
           42.005        145.000          1.000          0.007          0.709
     
           41.983        140.000          1.000          0.007          0.704
     
           41.976        138.000          1.000          0.007          0.699
     
           41.966        136.000          1.000          0.007          0.694
     
           41.957        134.000          1.000          0.007          0.689
     
           41.953        133.000          1.000          0.008          0.683
     
           41.951        132.000          1.000          0.008          0.678
     
           41.939        130.000          1.000          0.008          0.673
     
           41.938        129.000          1.000          0.008          0.668
     
           41.901        124.000          1.000          0.008          0.663
     
           41.897        123.000          1.000          0.008          0.657
     
           41.895        121.000          1.000          0.008          0.652
     
           41.891        120.000          1.000          0.008          0.647
     
           41.874        116.000          1.000          0.009          0.641
     
           41.862        111.000          1.000          0.009          0.636
     
           41.856        109.000          1.000          0.009          0.630
     
           41.853        108.000          1.000          0.009          0.624
     
           41.834        100.000          1.000          0.010          0.619
     
           41.832         99.000          1.000          0.010          0.612
     
           41.832         98.000          1.000          0.010          0.606
     
           41.831         97.000          1.000          0.010          0.600
     
           41.830         96.000          1.000          0.010          0.594
     
           41.828         95.000          1.000          0.011          0.588
     
           41.805         92.000          1.000          0.011          0.581
     
           41.791         88.000          1.000          0.011          0.575
     
           41.742         82.000          1.000          0.012          0.569
     
           41.735         81.000          1.000          0.012          0.562
     
           41.734         80.000          1.000          0.013          0.555
     
           41.720         78.000          1.000          0.013          0.548
     
           41.714         77.000          1.000          0.013          0.541
     
           41.685         73.000          1.000          0.014          0.534
     
           41.672         70.000          2.000          0.029          0.526
     
           41.661         66.000          1.000          0.015          0.511
     
           41.661         65.000          1.000          0.015          0.504
     
           41.658         64.000          1.000          0.016          0.496
     
           41.648         63.000          1.000          0.016          0.488
     
           41.637         61.000          1.000          0.016          0.480
     
           41.631         59.000          1.000          0.017          0.472
     
           41.596         56.000          1.000          0.018          0.464
     
           41.594         55.000          1.000          0.018          0.456
     
           41.590         54.000          1.000          0.019          0.448
     
           41.570         53.000          1.000          0.019          0.440
     
           41.557         50.000          1.000          0.020          0.431
     
           41.507         43.000          1.000          0.023          0.423
     
           41.498         42.000          1.000          0.024          0.413
     
           41.480         40.000          1.000          0.025          0.403
     
           41.480         39.000          1.000          0.026          0.393
     
           41.475         37.000          1.000          0.027          0.383
     
           41.461         36.000          1.000          0.028          0.373
     
           41.457         35.000          1.000          0.029          0.362
     
           41.451         34.000          1.000          0.029          0.352
     
           41.404         31.000          1.000          0.032          0.341
     
           41.368         30.000          1.000          0.033          0.330
     
           41.327         26.000          1.000          0.038          0.319
     
           41.304         23.000          1.000          0.043          0.307
     
           41.211         19.000          1.000          0.053          0.294
     
           41.206         18.000          1.000          0.056          0.278
     
           41.197         17.000          1.000          0.059          0.263
     
           41.129         14.000          1.000          0.071          0.247
     
           41.096         13.000          1.000          0.077          0.230
     
           40.937          9.000          1.000          0.111          0.212
     
           40.925          8.000          1.000          0.125          0.189
     
           40.746          3.000          1.000          0.333          0.165
                                                                        0.110
     
     
        GEHAN`S GENERALIZED WILCOXON TEST -- PERMUTATION VARIANCE
     
          WW =   1080.00
          VAR=1188321.790
     


                 T(I)       ID1(I)    ID2(I)   R1(I)    R2(I)
              43.461         0         1    -305.0     306.0
              43.333         1         1       1.0       1.0
              43.257         0         2    -302.0     304.0
              43.104         0         1    -300.0     303.0
              42.934         1         1       3.0       1.0
              42.824         0         2    -297.0     301.0
              42.777         0         1    -295.0     300.0
              42.762         1         1       5.0       1.0
              42.761         0         1    -292.0     298.0
              42.728         0         1    -290.0     297.0
              42.633         0         1    -288.0     296.0
              42.611         0         2    -286.0     295.0
              42.606         1         2       9.0       1.0
              42.601         1         2       9.0       1.0
              42.578         0         1    -282.0     292.0
              42.568         0         2    -280.0     291.0
              42.554         1         1      11.0       1.0
              42.537         0         2    -277.0     289.0
              42.532         0         1    -275.0     288.0
              42.523         0         2    -273.0     287.0
              42.519         0         2    -271.0     286.0
              42.510         0         1    -269.0     285.0
              42.509         0         2    -267.0     284.0
              42.493         0         1    -265.0     283.0
              42.486         1         1      18.0       1.0
              42.471         0         2    -262.0     281.0
              42.470         0         1    -260.0     280.0
              42.458         0         2    -258.0     279.0
              42.447         0         2    -256.0     278.0
              42.441         0         1    -254.0     277.0
              42.435         0         2    -252.0     276.0
              42.429         1         1      24.0       1.0
              42.422         1         1      24.0       1.0
              42.417         1         2      24.0       1.0
              42.412         1         2      24.0       1.0
              42.411         1         1      24.0       1.0
              42.400         1         2      24.0       1.0
              42.397         1         2      24.0       1.0
              42.386         0         1    -243.0     268.0
              42.376         1         1      25.0       1.0
              42.363         0         2    -240.0     266.0
              42.361         1         2      26.0       1.0
              42.358         0         1    -237.0     264.0
              42.356         1         1      27.0       1.0
              42.352         0         1    -234.0     262.0
              42.347         0         2    -232.0     261.0
              42.346         1         2      29.0       1.0
              42.336         1         1      29.0       1.0
              42.335         1         1      29.0       1.0
              42.322         1         1      29.0       1.0
              42.322         0         1    -226.0     256.0
              42.319         0         2    -224.0     255.0
              42.316         0         1    -222.0     254.0
              42.314         1         2      32.0       1.0
              42.311         0         2    -219.0     252.0
              42.309         1         1      33.0       1.0
              42.303         0         1    -216.0     250.0
              42.302         1         1      34.0       1.0
              42.299         1         1      34.0       1.0
              42.299         0         2    -212.0     247.0
              42.298         0         1    -210.0     246.0
              42.294         0         1    -208.0     245.0
              42.294         1         1      37.0       1.0
              42.290         1         1      37.0       1.0
              42.289         1         2      37.0       1.0
              42.282         1         2      37.0       1.0
              42.282         0         2    -202.0     240.0
              42.270         1         1      38.0       1.0
              42.268         0         2    -199.0     238.0
              42.267         1         1      39.0       1.0
              42.267         0         2    -196.0     236.0
              42.266         0         2    -194.0     235.0
              42.264         1         2      41.0       1.0
              42.259         1         2      41.0       1.0
              42.258         1         2      41.0       1.0
              42.254         1         2      41.0       1.0
              42.247         0         1    -188.0     230.0
              42.247         0         2    -186.0     229.0
              42.245         1         1      43.0       1.0
              42.245         1         1      43.0       1.0
              42.243         1         1      43.0       1.0
              42.241         1         1      43.0       1.0
              42.238         1         2      43.0       1.0
              42.238         0         2    -179.0     223.0
              42.235         0         2    -177.0     222.0
              42.232         1         1      45.0       1.0
              42.229         1         1      45.0       1.0
              42.228         0         1    -173.0     219.0
              42.228         0         2    -171.0     218.0
              42.228         1         1      47.0       1.0
              42.221         1         2      47.0       1.0
              42.221         1         2      47.0       1.0
              42.221         1         1      47.0       1.0
              42.219         1         1      47.0       1.0
              42.217         0         2    -164.0     212.0
              42.214         1         2      48.0       1.0
              42.209         0         1    -161.0     210.0
              42.205         1         2      49.0       1.0
              42.202         0         2    -158.0     208.0
              42.199         1         2      50.0       1.0
              42.190         1         1      50.0       1.0
              42.190         1         1      50.0       1.0
              42.187         1         2      50.0       1.0
              42.182         1         1      50.0       1.0
              42.181         0         2    -151.0     202.0
              42.175         1         1      51.0       1.0
              42.175         0         1    -148.0     200.0
              42.173         1         2      52.0       1.0
              42.172         1         2      52.0       1.0
              42.168         0         1    -144.0     197.0
              42.158         0         2    -142.0     196.0
              42.156         0         1    -140.0     195.0
              42.152         0         2    -138.0     194.0
              42.152         0         2    -136.0     193.0
              42.152         1         2      57.0       1.0
              42.147         0         1    -133.0     191.0
              42.145         1         2      58.0       1.0
              42.144         1         2      58.0       1.0
              42.143         1         1      58.0       1.0
              42.138         1         2      58.0       1.0
              42.137         0         2    -127.0     186.0
              42.136         1         1      59.0       1.0
              42.132         0         2    -124.0     184.0
              42.111         1         1      60.0       1.0
              42.108         1         2      60.0       1.0
              42.105         0         2    -120.0     181.0
              42.105         1         1      61.0       1.0
              42.104         1         1      61.0       1.0
              42.102         1         1      61.0       1.0
              42.099         1         2      61.0       1.0
              42.097         1         1      61.0       1.0
              42.092         0         1    -113.0     175.0
              42.085         1         1      62.0       1.0
              42.082         1         1      62.0       1.0
              42.081         1         1      62.0       1.0
              42.076         1         1      62.0       1.0
              42.075         0         2    -107.0     170.0
              42.067         0         1    -105.0     169.0
              42.066         1         1      64.0       1.0
              42.060         1         2      64.0       1.0
              42.059         0         1    -101.0     166.0
              42.057         1         2      65.0       1.0
              42.053         1         2      65.0       1.0
              42.053         0         1     -97.0     163.0
              42.052         0         2     -95.0     162.0
              42.052         1         1      67.0       1.0
              42.051         0         2     -92.0     160.0
              42.050         1         2      68.0       1.0
              42.050         1         1      68.0       1.0
              42.048         1         2      68.0       1.0
              42.041         0         1     -87.0     156.0
              42.037         0         2     -85.0     155.0
              42.034         0         1     -83.0     154.0
              42.034         0         1     -81.0     153.0
              42.032         0         1     -79.0     152.0
              42.025         0         2     -77.0     151.0
              42.025         1         2      74.0       1.0
              42.023         0         1     -74.0     149.0
              42.020         0         2     -72.0     148.0
              42.014         1         2      76.0       1.0
              42.012         1         2      76.0       1.0
              42.005         0         2     -68.0     145.0
              42.003         1         1      77.0       1.0
              42.002         1         2      77.0       1.0
              42.001         1         1      77.0       1.0
              42.001         1         1      77.0       1.0
              41.983         0         1     -62.0     140.0
              41.981         1         1      78.0       1.0
              41.976         0         2     -59.0     138.0
              41.969         1         1      79.0       1.0
              41.966         0         2     -56.0     136.0
              41.961         1         1      80.0       1.0
              41.957         0         2     -53.0     134.0
              41.953         0         2     -51.0     133.0
              41.951         0         2     -49.0     132.0
              41.943         1         2      83.0       1.0
              41.939         0         2     -46.0     130.0
              41.938         0         1     -44.0     129.0
              41.930         1         2      85.0       1.0
              41.927         1         1      85.0       1.0
              41.903         1         1      85.0       1.0
              41.901         1         2      85.0       1.0
              41.901         0         2     -38.0     124.0
              41.897         0         2     -36.0     123.0
              41.896         1         1      87.0       1.0
              41.895         0         2     -33.0     121.0
              41.891         0         2     -31.0     120.0
              41.890         1         2      89.0       1.0
              41.880         1         2      89.0       1.0
              41.876         1         1      89.0       1.0
              41.874         0         2     -26.0     116.0
              41.869         1         1      90.0       1.0
              41.866         1         2      90.0       1.0
              41.866         1         1      90.0       1.0
              41.862         1         1      90.0       1.0
              41.862         0         2     -20.0     111.0
              41.857         1         1      91.0       1.0
              41.856         0         2     -17.0     109.0
              41.853         0         1     -15.0     108.0
              41.852         1         1      93.0       1.0
              41.852         1         1      93.0       1.0
              41.846         1         2      93.0       1.0
              41.844         1         2      93.0       1.0
              41.843         1         1      93.0       1.0
              41.840         1         1      93.0       1.0
              41.836         1         1      93.0       1.0
              41.834         0         1      -6.0     100.0
              41.832         0         2      -4.0      99.0
              41.832         0         2      -2.0      98.0
              41.831         0         2       0.0      97.0
              41.830         0         2       2.0      96.0
              41.828         0         1       4.0      95.0
              41.823         1         1      99.0       1.0
              41.822         1         1      99.0       1.0
              41.805         0         1       8.0      92.0
              41.802         1         1     100.0       1.0
              41.798         1         1     100.0       1.0
              41.795         1         2     100.0       1.0
              41.791         0         2      13.0      88.0
              41.787         1         1     101.0       1.0
              41.785         1         2     101.0       1.0
              41.762         1         2     101.0       1.0
              41.747         1         2     101.0       1.0
              41.745         1         2     101.0       1.0
              41.742         0         2      20.0      82.0
              41.735         0         2      22.0      81.0
              41.734         0         2      24.0      80.0
              41.721         1         2     104.0       1.0
              41.720         0         2      27.0      78.0
              41.714         0         2      29.0      77.0
              41.712         1         2     106.0       1.0
              41.709         1         1     106.0       1.0
              41.688         1         2     106.0       1.0
              41.685         0         2      34.0      73.0
              41.684         1         1     107.0       1.0
              41.676         1         2     107.0       1.0
              41.672         0         2      39.0      69.0
              41.672         0         2      39.0      69.0
              41.668         1         1     109.0       1.0
              41.666         1         1     109.0       1.0
              41.661         0         2      44.0      66.0
              41.661         0         2      46.0      65.0
              41.658         0         2      48.0      64.0
              41.648         0         1      50.0      63.0
              41.648         1         1     113.0       1.0
              41.637         0         2      53.0      61.0
              41.634         1         1     114.0       1.0
              41.631         0         2      56.0      59.0
              41.616         1         2     115.0       1.0
              41.601         1         2     115.0       1.0
              41.596         0         2      60.0      56.0
              41.594         0         1      62.0      55.0
              41.590         0         2      64.0      54.0
              41.570         0         2      66.0      53.0
              41.570         1         1     119.0       1.0
              41.566         1         1     119.0       1.0
              41.557         0         2      70.0      50.0
              41.556         1         2     120.0       1.0
              41.555         1         1     120.0       1.0
              41.553         1         2     120.0       1.0
              41.551         1         2     120.0       1.0
              41.541         1         1     120.0       1.0
              41.539         1         1     120.0       1.0
              41.507         0         1      78.0      43.0
              41.498         0         2      80.0      42.0
              41.487         1         2     122.0       1.0
              41.480         0         1      83.0      40.0
              41.480         0         2      85.0      39.0
              41.479         1         1     124.0       1.0
              41.475         0         2      88.0      37.0
              41.461         0         1      90.0      36.0
              41.457         0         2      92.0      35.0
              41.451         0         1      94.0      34.0
              41.435         1         1     128.0       1.0
              41.424         1         1     128.0       1.0
              41.404         0         1      98.0      31.0
              41.368         0         2     100.0      30.0
              41.346         1         2     130.0       1.0
              41.340         1         1     130.0       1.0
              41.333         1         1     130.0       1.0
              41.327         0         1     105.0      26.0
              41.322         1         2     131.0       1.0
              41.319         1         1     131.0       1.0
              41.304         0         2     109.0      23.0
              41.275         1         1     132.0       1.0
              41.245         1         1     132.0       1.0
              41.220         1         2     132.0       1.0
              41.211         0         2     114.0      19.0
              41.206         0         1     116.0      18.0
              41.197         0         2     118.0      17.0
              41.190         1         2     135.0       1.0
              41.171         1         2     135.0       1.0
              41.129         0         2     122.0      14.0
              41.096         0         2     124.0      13.0
              41.079         1         1     137.0       1.0
              41.024         1         1     137.0       1.0
              41.014         1         1     137.0       1.0
              40.937         0         1     129.0       9.0
              40.925         0         2     131.0       8.0
              40.800         1         1     139.0       1.0
              40.794         1         1     139.0       1.0
              40.775         1         1     139.0       1.0
              40.752         1         2     139.0       1.0
              40.746         0         1     137.0       3.0
              40.635         1         2     140.0       1.0
              40.314         1         2     140.0       1.0
          TEST STATISTIC        =       0.991
          PROBABILITY           =       0.3218

     
        GEHAN`S GENERALIZED WILCOXON TEST -- HYPERGEOMETRIC VARIANCE
     
          WW  =        1080.000
          VAR =     1186256.522
     
             

               T(I)         SCORE(I)
              43.461       -157.000
              43.257        147.000
              43.104       -156.000
              42.824        145.000
              42.777       -155.000
              42.761       -155.000
              42.728       -155.000
              42.633       -155.000
              42.611        140.000
              42.578       -152.000
              42.568        139.000
              42.537        138.000
              42.532       -150.000
              42.523        137.000
              42.519        137.000
              42.510       -148.000
              42.509        136.000
              42.493       -147.000
              42.471        134.000
              42.470       -146.000
              42.458        133.000
              42.447        133.000
              42.441       -144.000
              42.435        132.000
              42.386       -139.000
              42.363        127.000
              42.358       -137.000
              42.352       -137.000
              42.347        124.000
              42.322       -135.000
              42.319        120.000
              42.316       -134.000
              42.311        119.000
              42.303       -132.000
              42.299        115.000
              42.298       -131.000
              42.294       -131.000
              42.282        111.000
              42.268        110.000
              42.267        109.000
              42.266        109.000
              42.247       -121.000
              42.247        108.000
              42.238        104.000
              42.235        104.000
              42.228       -117.000
              42.228        101.000
              42.217         98.000
              42.209       -112.000
              42.202         97.000
              42.181         94.000
              42.175       -107.000
              42.168       -105.000
              42.158         91.000
              42.156       -104.000
              42.152         90.000
              42.152         90.000
              42.147       -101.000
              42.137         88.000
              42.132         87.000
              42.105         86.000
              42.092        -93.000
              42.075         77.000
              42.067        -92.000
              42.059        -91.000
              42.053        -89.000
              42.052         73.000
              42.051         72.000
              42.041        -85.000
              42.037         70.000
              42.034        -84.000
              42.034        -84.000
              42.032        -84.000
              42.025         67.000
              42.023        -82.000
              42.020         66.000
              42.005         66.000
              41.983        -77.000
              41.976         61.000
              41.966         60.000
              41.957         59.000
              41.953         59.000
              41.951         59.000
              41.939         59.000
              41.938        -70.000
              41.901         56.000
              41.897         56.000
              41.895         55.000
              41.891         55.000
              41.874         54.000
              41.862         51.000
              41.856         50.000
              41.853        -58.000
              41.834        -56.000
              41.832         43.000
              41.832         43.000
              41.831         43.000
              41.830         43.000
              41.828        -52.000
              41.805        -52.000
              41.791         37.000
              41.742         36.000
              41.735         36.000
              41.734         36.000
              41.720         36.000
              41.714         36.000
              41.685         35.000
              41.672         68.000
              41.661         32.000
              41.661         32.000
              41.658         32.000
              41.648        -31.000
              41.637         30.000
              41.631         29.000
              41.596         29.000
              41.594        -26.000
              41.590         28.000
              41.570         28.000
              41.557         26.000
              41.507        -20.000
              41.498         22.000
              41.480        -18.000
              41.480         21.000
              41.475         20.000
              41.461        -16.000
              41.457         19.000
              41.451        -15.000
              41.404        -15.000
              41.368         15.000
              41.327        -13.000
              41.304         11.000
              41.211          9.000
              41.206         -9.000
              41.197          8.000
              41.129          8.000
              41.096          8.000
              40.937         -4.000
              40.925          4.000
              40.746         -2.000
          TEST STATISTIC        =       0.992
          PROBABILITY           =       0.3214

     
        LOGRANK TEST 
     
          WW  =          13.510
          VAR =          34.759
     
             

               T(I)         SCORE(I)
              43.461         -0.513
              43.257          0.484
              43.104         -0.515
              42.824          0.482
              42.777         -0.517
              42.761         -0.520
              42.728         -0.522
              42.633         -0.524
              42.611          0.475
              42.578         -0.521
              42.568          0.478
              42.537          0.478
              42.532         -0.521
              42.523          0.477
              42.519          0.479
              42.510         -0.519
              42.509          0.479
              42.493         -0.519
              42.471          0.477
              42.470         -0.521
              42.458          0.477
              42.447          0.478
              42.441         -0.520
              42.435          0.478
              42.386         -0.519
              42.363          0.477
              42.358         -0.519
              42.352         -0.523
              42.347          0.475
              42.322         -0.527
              42.319          0.471
              42.316         -0.528
              42.311          0.472
              42.303         -0.528
              42.299          0.466
              42.298         -0.533
              42.294         -0.535
              42.282          0.463
              42.268          0.462
              42.267          0.462
              42.266          0.464
              42.247         -0.526
              42.247          0.472
              42.238          0.466
              42.235          0.468
              42.228         -0.534
              42.228          0.463
              42.217          0.462
              42.209         -0.533
              42.202          0.466
              42.181          0.465
              42.175         -0.535
              42.168         -0.533
              42.158          0.464
              42.156         -0.533
              42.152          0.464
              42.152          0.466
              42.147         -0.529
              42.137          0.473
              42.132          0.473
              42.105          0.475
              42.092         -0.531
              42.075          0.453
              42.067         -0.544
              42.059         -0.548
              42.053         -0.546
              42.052          0.451
              42.051          0.450
              42.041         -0.545
              42.037          0.452
              42.034         -0.545
              42.034         -0.549
              42.032         -0.553
              42.025          0.444
              42.023         -0.550
              42.020          0.446
              42.005          0.455
              41.983         -0.550
              41.976          0.442
              41.966          0.441
              41.957          0.440
              41.953          0.444
              41.951          0.447
              41.939          0.454
              41.938         -0.543
              41.901          0.452
              41.897          0.455
              41.895          0.455
              41.891          0.458
              41.874          0.466
              41.862          0.459
              41.856          0.459
              41.853         -0.537
              41.834         -0.560
              41.832          0.434
              41.832          0.439
              41.831          0.443
              41.830          0.448
              41.828         -0.547
              41.805         -0.565
              41.791          0.420
              41.742          0.439
              41.735          0.444
              41.734          0.450
              41.720          0.462
              41.714          0.468
              41.685          0.479
              41.672          0.971
              41.661          0.485
              41.661          0.492
              41.658          0.500
              41.648         -0.492
              41.637          0.492
              41.631          0.492
              41.596          0.518
              41.594         -0.473
              41.590          0.519
              41.570          0.528
              41.557          0.520
              41.507         -0.465
              41.498          0.524
              41.480         -0.450
              41.480          0.538
              41.475          0.541
              41.461         -0.444
              41.457          0.543
              41.451         -0.441
              41.404         -0.484
              41.368          0.500
              41.327         -0.500
              41.304          0.478
              41.211          0.474
              41.206         -0.500
              41.197          0.471
              41.129          0.571
              41.096          0.615
              40.937         -0.444
              40.925          0.500
              40.746         -0.667
          TEST STATISTIC        =       2.291
          PROBABILITY           =       0.0219

     
        PETO & PETO GENERALIZED WILCOXON TEST
     
          WW =     -7.22
          VAR=     18.680
     


               T(I)         SCORE(I)
              43.461          0.997
              43.333         -0.003
              43.257          0.990
              43.104          0.984
              42.934         -0.010
              42.824          0.977
              42.777          0.970
              42.762         -0.016
              42.761          0.964
              42.728          0.957
              42.633          0.951
              42.611          0.944
              42.606         -0.030
              42.601         -0.030
              42.578          0.937
              42.568          0.931
              42.554         -0.036
              42.537          0.924
              42.532          0.917
              42.523          0.911
              42.519          0.904
              42.510          0.897
              42.509          0.891
              42.493          0.884
              42.486         -0.060
              42.471          0.877
              42.470          0.871
              42.458          0.864
              42.447          0.857
              42.441          0.851
              42.435          0.844
              42.429         -0.080
              42.422         -0.080
              42.417         -0.080
              42.412         -0.080
              42.411         -0.080
              42.400         -0.080
              42.397         -0.080
              42.386          0.837
              42.376         -0.083
              42.363          0.830
              42.361         -0.087
              42.358          0.823
              42.356         -0.090
              42.352          0.816
              42.347          0.810
              42.346         -0.097
              42.336         -0.097
              42.335         -0.097
              42.322         -0.097
              42.322          0.803
              42.319          0.795
              42.316          0.788
              42.314         -0.108
              42.311          0.781
              42.309         -0.111
              42.303          0.774
              42.302         -0.115
              42.299         -0.115
              42.299          0.767
              42.298          0.760
              42.294          0.753
              42.294         -0.125
              42.290         -0.125
              42.289         -0.125
              42.282         -0.125
              42.282          0.746
              42.270         -0.129
              42.268          0.738
              42.267         -0.133
              42.267          0.731
              42.266          0.724
              42.264         -0.140
              42.259         -0.140
              42.258         -0.140
              42.254         -0.140
              42.247          0.716
              42.247          0.709
              42.245         -0.148
              42.245         -0.148
              42.243         -0.148
              42.241         -0.148
              42.238         -0.148
              42.238          0.701
              42.235          0.693
              42.232         -0.155
              42.229         -0.155
              42.228          0.686
              42.228          0.678
              42.228         -0.163
              42.221         -0.163
              42.221         -0.163
              42.221         -0.163
              42.219         -0.163
              42.217          0.670
              42.214         -0.167
              42.209          0.662
              42.205         -0.171
              42.202          0.654
              42.199         -0.175
              42.190         -0.175
              42.190         -0.175
              42.187         -0.175
              42.182         -0.175
              42.181          0.646
              42.175         -0.179
              42.175          0.638
              42.173         -0.183
              42.172         -0.183
              42.168          0.630
              42.158          0.622
              42.156          0.613
              42.152          0.605
              42.152          0.597
              42.152         -0.204
              42.147          0.588
              42.145         -0.208
              42.144         -0.208
              42.143         -0.208
              42.138         -0.208
              42.137          0.580
              42.136         -0.212
              42.132          0.571
              42.111         -0.216
              42.108         -0.216
              42.105          0.563
              42.105         -0.221
              42.104         -0.221
              42.102         -0.221
              42.099         -0.221
              42.097         -0.221
              42.092          0.554
              42.085         -0.225
              42.082         -0.225
              42.081         -0.225
              42.076         -0.225
              42.075          0.545
              42.067          0.536
              42.066         -0.234
              42.060         -0.234
              42.059          0.527
              42.057         -0.239
              42.053         -0.239
              42.053          0.517
              42.052          0.508
              42.052         -0.248
              42.051          0.499
              42.050         -0.253
              42.050         -0.253
              42.048         -0.253
              42.041          0.489
              42.037          0.480
              42.034          0.470
              42.034          0.461
              42.032          0.451
              42.025          0.441
              42.025         -0.282
              42.023          0.432
              42.020          0.422
              42.014         -0.291
              42.012         -0.291
              42.005          0.412
              42.003         -0.296
              42.002         -0.296
              42.001         -0.296
              42.001         -0.296
              41.983          0.403
              41.981         -0.301
              41.976          0.392
              41.969         -0.306
              41.966          0.382
              41.961         -0.311
              41.957          0.372
              41.953          0.362
              41.951          0.351
              41.943         -0.327
              41.939          0.341
              41.938          0.331
              41.930         -0.337
              41.927         -0.337
              41.903         -0.337
              41.901         -0.337
              41.901          0.320
              41.897          0.310
              41.896         -0.348
              41.895          0.299
              41.891          0.288
              41.890         -0.359
              41.880         -0.359
              41.876         -0.359
              41.874          0.277
              41.869         -0.364
              41.866         -0.364
              41.866         -0.364
              41.862         -0.364
              41.862          0.266
              41.857         -0.370
              41.856          0.254
              41.853          0.243
              41.852         -0.381
              41.852         -0.381
              41.846         -0.381
              41.844         -0.381
              41.843         -0.381
              41.840         -0.381
              41.836         -0.381
              41.834          0.231
              41.832          0.218
              41.832          0.206
              41.831          0.194
              41.830          0.181
              41.828          0.169
              41.823         -0.419
              41.822         -0.419
              41.805          0.156
              41.802         -0.425
              41.798         -0.425
              41.795         -0.425
              41.791          0.144
              41.787         -0.431
              41.785         -0.431
              41.762         -0.431
              41.747         -0.431
              41.745         -0.431
              41.742          0.130
              41.735          0.116
              41.734          0.102
              41.721         -0.452
              41.720          0.088
              41.714          0.074
              41.712         -0.466
              41.709         -0.466
              41.688         -0.466
              41.685          0.060
              41.684         -0.474
              41.676         -0.474
              41.672          0.038
              41.672          0.038
              41.668         -0.489
              41.666         -0.489
              41.661          0.015
              41.661         -0.001
              41.658         -0.016
              41.648         -0.032
              41.648         -0.520
              41.637         -0.047
              41.634         -0.528
              41.631         -0.063
              41.616         -0.536
              41.601         -0.536
              41.596         -0.079
              41.594         -0.096
              41.590         -0.113
              41.570         -0.129
              41.570         -0.569
              41.566         -0.569
              41.557         -0.146
              41.556         -0.577
              41.555         -0.577
              41.553         -0.577
              41.551         -0.577
              41.541         -0.577
              41.539         -0.577
              41.507         -0.164
              41.498         -0.184
              41.487         -0.597
              41.480         -0.204
              41.480         -0.224
              41.479         -0.617
              41.475         -0.245
              41.461         -0.265
              41.457         -0.286
              41.451         -0.307
              41.435         -0.659
              41.424         -0.659
              41.404         -0.328
              41.368         -0.350
              41.346         -0.681
              41.340         -0.681
              41.333         -0.681
              41.327         -0.373
              41.322         -0.693
              41.319         -0.693
              41.304         -0.399
              41.275         -0.706
              41.245         -0.706
              41.220         -0.706
              41.211         -0.428
              41.206         -0.459
              41.197         -0.490
              41.190         -0.753
              41.171         -0.753
              41.129         -0.523
              41.096         -0.558
              41.079         -0.788
              41.024         -0.788
              41.014         -0.788
              40.937         -0.599
              40.925         -0.647
              40.800         -0.835
              40.794         -0.835
              40.775         -0.835
              40.752         -0.835
              40.746         -0.725
              40.635         -0.890
              40.314         -0.890
          TEST STATISTIC        =       1.671
          PROBABILITY           =       0.0946

     
        PETO & PRENTICE GENERALIZED WILCOXON TEST
     
          WW  =           7.173
          VAR =          18.112
     
             

               T(I)         SCORE(I)
              43.461          0.000
              43.257          0.987
              43.104          0.000
              42.824          0.974
              42.777          0.000
              42.761          0.000
              42.728          0.000
              42.633          0.000
              42.611          0.882
              42.578          0.000
              42.568          0.928
              42.537          0.921
              42.532          0.000
              42.523          0.908
              42.519          0.901
              42.510          0.000
              42.509          0.888
              42.493          0.000
              42.471          0.875
              42.470          0.000
              42.458          0.861
              42.447          0.855
              42.441          0.000
              42.435          0.524
              42.386          0.000
              42.363          0.741
              42.358          0.000
              42.352          0.000
              42.347          0.710
              42.322          0.000
              42.319          0.793
              42.316         -0.107
              42.311          0.779
              42.303          0.000
              42.299          0.764
              42.298          0.000
              42.294         -0.250
              42.282          0.743
              42.268          0.736
              42.267          0.728
              42.266          0.163
              42.247          0.000
              42.247          0.559
              42.238          0.698
              42.235          0.691
              42.228          0.000
              42.228          0.351
              42.217          0.501
              42.209         -0.170
              42.202          0.303
              42.181          0.644
              42.175         -0.365
              42.168          0.000
              42.158          0.619
              42.156          0.000
              42.152          0.602
              42.152          0.391
              42.147         -0.621
              42.137          0.577
              42.132          0.353
              42.105          0.340
              42.092          0.000
              42.075          0.542
              42.067         -0.233
              42.059         -0.476
              42.053          0.000
              42.052          0.505
              42.051         -0.008
              42.041          0.000
              42.037          0.477
              42.034          0.000
              42.034          0.000
              42.032          0.000
              42.025          0.158
              42.023          0.000
              42.020         -0.161
              42.005          0.115
              41.983          0.000
              41.976          0.390
              41.966          0.380
              41.957          0.369
              41.953          0.359
              41.951          0.024
              41.939          0.339
              41.938         -0.672
              41.901          0.318
              41.897          0.307
              41.895          0.296
              41.891         -0.428
              41.874         -0.088
              41.862          0.263
              41.856          0.252
              41.853         -0.760
              41.834          0.000
              41.832          0.216
              41.832          0.204
              41.831          0.191
              41.830          0.179
              41.828          0.000
              41.805         -0.423
              41.791         -1.576
              41.742          0.127
              41.735          0.114
              41.734         -0.350
              41.720          0.086
              41.714         -0.856
              41.685         -0.414
              41.672          0.071
              41.661          0.012
              41.661         -0.003
              41.658         -0.018
              41.648         -0.000
              41.637         -0.049
              41.631         -1.130
              41.596         -0.081
              41.594         -0.000
              41.590         -0.114
              41.570         -0.131
              41.557         -1.869
              41.507         -0.000
              41.498         -0.780
              41.480         -0.000
              41.480         -0.226
              41.475         -0.246
              41.461         -0.000
              41.457         -0.287
              41.451         -0.000
              41.404         -0.000
              41.368         -1.026
              41.327         -0.687
              41.304         -1.101
              41.211         -0.431
              41.206         -0.000
              41.197         -1.982
              41.129         -0.525
              41.096         -0.559
              40.937         -0.000
              40.925         -1.470
              40.746         -1.735
          TEST STATISTIC        =       1.686
          PROBABILITY           =       0.0919

    
    
        KAPLAN-MEIER ESTIMATOR
    
    
        DATA FILE : two_sampl
    
        VARIABLE : Sy 1     
    
    
        # OF DATA POINTS : 149 # OF UPPER LIMITS :  96
    
    
          VARIABLE RANGE      KM ESTIMATOR   ERROR
FROM    0.000   TO   40.746       1.000
FROM   40.746   TO   40.937       0.706       0.089
       40.775 C 
       40.794 C 
       40.800 C 
FROM   40.937   TO   41.206       0.633       0.076
       41.014 C 
       41.024 C 
       41.079 C 
FROM   41.206   TO   41.327       0.587       0.070
       41.245 C 
       41.275 C 
       41.319 C 
FROM   41.327   TO   41.404       0.552       0.067
       41.333 C 
       41.340 C 
FROM   41.404   TO   41.451       0.523       0.065
       41.424 C 
       41.435 C 
FROM   41.451   TO   41.461       0.496       0.063
FROM   41.461   TO   41.480       0.470       0.060
       41.479 C 
FROM   41.480   TO   41.507       0.444       0.057
FROM   41.507   TO   41.594       0.419       0.054
       41.539 C 
       41.541 C 
       41.555 C 
       41.566 C 
       41.570 C 
FROM   41.594   TO   41.648       0.398       0.052
       41.634 C 
       41.648 C 
FROM   41.648   TO   41.805       0.379       0.050
       41.666 C 
       41.668 C 
       41.684 C 
       41.709 C 
       41.787 C 
       41.798 C 
       41.802 C 
FROM   41.805   TO   41.828       0.363       0.048
       41.822 C 
       41.823 C 
FROM   41.828   TO   41.834       0.348       0.047
FROM   41.834   TO   41.853       0.333       0.046
       41.836 C 
       41.840 C 
       41.843 C 
       41.852 C 
       41.852 C 
FROM   41.853   TO   41.938       0.319       0.044
       41.857 C 
       41.862 C 
       41.866 C 
       41.869 C 
       41.876 C 
       41.896 C 
       41.903 C 
       41.927 C 
FROM   41.938   TO   41.983       0.307       0.044
       41.961 C 
       41.969 C 
       41.981 C 
FROM   41.983   TO   42.023       0.296       0.043
       42.001 C 
       42.001 C 
       42.003 C 
FROM   42.023   TO   42.032       0.285       0.042
FROM   42.032   TO   42.034       0.275       0.041
FROM   42.034   TO   42.034       0.264       0.041
FROM   42.034   TO   42.041       0.253       0.040
FROM   42.041   TO   42.053       0.243       0.039
       42.050 C 
       42.052 C 
FROM   42.053   TO   42.059       0.232       0.038
FROM   42.059   TO   42.067       0.222       0.037
       42.066 C 
FROM   42.067   TO   42.092       0.212       0.036
       42.076 C 
       42.081 C 
       42.082 C 
       42.085 C 
FROM   42.092   TO   42.147       0.202       0.035
       42.097 C 
       42.102 C 
       42.104 C 
       42.105 C 
       42.111 C 
       42.136 C 
       42.143 C 
FROM   42.147   TO   42.156       0.193       0.034
FROM   42.156   TO   42.168       0.184       0.034
FROM   42.168   TO   42.175       0.175       0.033
FROM   42.175   TO   42.209       0.166       0.032
       42.175 C 
       42.182 C 
       42.190 C 
       42.190 C 
FROM   42.209   TO   42.228       0.157       0.031
       42.219 C 
       42.221 C 
       42.228 C 
FROM   42.228   TO   42.247       0.149       0.030
       42.229 C 
       42.232 C 
       42.241 C 
       42.243 C 
       42.245 C 
       42.245 C 
FROM   42.247   TO   42.294       0.141       0.029
       42.267 C 
       42.270 C 
       42.290 C 
       42.294 C 
FROM   42.294   TO   42.298       0.134       0.029
FROM   42.298   TO   42.303       0.126       0.028
       42.299 C 
       42.302 C 
FROM   42.303   TO   42.316       0.119       0.027
       42.309 C 
FROM   42.316   TO   42.322       0.111       0.026
FROM   42.322   TO   42.352       0.104       0.025
       42.322 C 
       42.335 C 
       42.336 C 
FROM   42.352   TO   42.358       0.097       0.025
       42.356 C 
FROM   42.358   TO   42.386       0.089       0.024
       42.376 C 
FROM   42.386   TO   42.441       0.082       0.023
       42.411 C 
       42.422 C 
       42.429 C 
FROM   42.441   TO   42.470       0.075       0.022
FROM   42.470   TO   42.493       0.068       0.021
       42.486 C 
FROM   42.493   TO   42.510       0.061       0.020
FROM   42.510   TO   42.532       0.055       0.019
FROM   42.532   TO   42.578       0.048       0.018
       42.554 C 
FROM   42.578   TO   42.633       0.041       0.016
FROM   42.633   TO   42.728       0.034       0.015
FROM   42.728   TO   42.761       0.027       0.013
FROM   42.761   TO   42.777       0.020       0.012
       42.762 C 
FROM   42.777   TO   43.104       0.013       0.009
       42.934 C 
FROM   43.104   TO   43.461       0.007       0.007
       43.333 C 
FROM   43.461   ONWARDS           0.000       0.000
    
        PERCENTILES    
         75 TH     50 TH     25 TH
         34.670    41.444    42.037
    
        MEAN=    41.489 +/- 0.072
 
    
    
        KAPLAN-MEIER ESTIMATOR
    
    
        DATA FILE : two_sampl
    
        VARIABLE : Sy 2     
    
    
        # OF DATA POINTS : 157 # OF UPPER LIMITS :  70
    
    
          VARIABLE RANGE      KM ESTIMATOR   ERROR
FROM    0.000   TO   40.314       1.000
FROM   40.314   TO   40.925       0.915       0.042
       40.635 C 
       40.752 C 
FROM   40.925   TO   41.096       0.887       0.045
FROM   41.096   TO   41.129       0.858       0.047
FROM   41.129   TO   41.197       0.830       0.047
       41.171 C 
       41.190 C 
FROM   41.197   TO   41.211       0.809       0.048
FROM   41.211   TO   41.304       0.787       0.048
       41.220 C 
FROM   41.304   TO   41.368       0.768       0.048
       41.322 C 
       41.346 C 
FROM   41.368   TO   41.457       0.751       0.049
FROM   41.457   TO   41.475       0.735       0.049
FROM   41.475   TO   41.480       0.718       0.049
FROM   41.480   TO   41.498       0.702       0.049
       41.487 C 
FROM   41.498   TO   41.557       0.686       0.049
       41.551 C 
       41.553 C 
       41.556 C 
FROM   41.557   TO   41.570       0.672       0.049
FROM   41.570   TO   41.590       0.659       0.049
FROM   41.590   TO   41.596       0.645       0.049
FROM   41.596   TO   41.631       0.631       0.049
       41.601 C 
       41.616 C 
FROM   41.631   TO   41.637       0.619       0.049
FROM   41.637   TO   41.658       0.606       0.049
FROM   41.658   TO   41.661       0.593       0.049
FROM   41.661   TO   41.661       0.580       0.049
FROM   41.661   TO   41.672       0.568       0.049
FROM   41.672   TO   41.685       0.542       0.048
       41.676 C 
FROM   41.685   TO   41.714       0.530       0.048
       41.688 C 
       41.712 C 
FROM   41.714   TO   41.720       0.518       0.048
FROM   41.720   TO   41.734       0.506       0.048
       41.721 C 
FROM   41.734   TO   41.735       0.495       0.047
FROM   41.735   TO   41.742       0.483       0.047
FROM   41.742   TO   41.791       0.472       0.047
       41.745 C 
       41.747 C 
       41.762 C 
       41.785 C 
FROM   41.791   TO   41.830       0.461       0.046
       41.795 C 
FROM   41.830   TO   41.831       0.451       0.046
FROM   41.831   TO   41.832       0.441       0.046
FROM   41.832   TO   41.832       0.430       0.045
FROM   41.832   TO   41.856       0.420       0.045
       41.844 C 
       41.846 C 
FROM   41.856   TO   41.862       0.410       0.045
FROM   41.862   TO   41.874       0.400       0.044
       41.866 C 
FROM   41.874   TO   41.891       0.390       0.044
       41.880 C 
       41.890 C 
FROM   41.891   TO   41.895       0.381       0.044
FROM   41.895   TO   41.897       0.371       0.043
FROM   41.897   TO   41.901       0.362       0.043
FROM   41.901   TO   41.939       0.352       0.042
       41.901 C 
       41.930 C 
FROM   41.939   TO   41.951       0.343       0.042
       41.943 C 
FROM   41.951   TO   41.953       0.334       0.042
FROM   41.953   TO   41.957       0.324       0.041
FROM   41.957   TO   41.966       0.315       0.041
FROM   41.966   TO   41.976       0.306       0.040
FROM   41.976   TO   42.005       0.297       0.040
       42.002 C 
FROM   42.005   TO   42.020       0.288       0.039
       42.012 C 
       42.014 C 
FROM   42.020   TO   42.025       0.279       0.039
       42.025 C 
FROM   42.025   TO   42.037       0.271       0.038
FROM   42.037   TO   42.051       0.262       0.037
       42.048 C 
       42.050 C 
FROM   42.051   TO   42.052       0.253       0.037
FROM   42.052   TO   42.075       0.245       0.036
       42.053 C 
       42.057 C 
       42.060 C 
FROM   42.075   TO   42.105       0.237       0.036
       42.099 C 
FROM   42.105   TO   42.132       0.229       0.035
       42.108 C 
FROM   42.132   TO   42.137       0.221       0.035
FROM   42.137   TO   42.152       0.213       0.034
       42.138 C 
       42.144 C 
       42.145 C 
       42.152 C 
FROM   42.152   TO   42.152       0.205       0.034
FROM   42.152   TO   42.158       0.197       0.033
FROM   42.158   TO   42.181       0.189       0.032
       42.172 C 
       42.173 C 
FROM   42.181   TO   42.202       0.182       0.032
       42.187 C 
       42.199 C 
FROM   42.202   TO   42.217       0.174       0.031
       42.205 C 
       42.214 C 
FROM   42.217   TO   42.228       0.167       0.031
       42.221 C 
       42.221 C 
FROM   42.228   TO   42.235       0.160       0.030
FROM   42.235   TO   42.238       0.153       0.029
FROM   42.238   TO   42.247       0.146       0.029
       42.238 C 
FROM   42.247   TO   42.266       0.138       0.028
       42.254 C 
       42.258 C 
       42.259 C 
       42.264 C 
FROM   42.266   TO   42.267       0.132       0.027
FROM   42.267   TO   42.268       0.125       0.027
FROM   42.268   TO   42.282       0.118       0.026
FROM   42.282   TO   42.299       0.111       0.025
       42.282 C 
       42.289 C 
FROM   42.299   TO   42.311       0.104       0.025
FROM   42.311   TO   42.319       0.097       0.024
       42.314 C 
FROM   42.319   TO   42.347       0.091       0.023
       42.346 C 
FROM   42.347   TO   42.363       0.084       0.022
       42.361 C 
FROM   42.363   TO   42.435       0.077       0.021
       42.397 C 
       42.400 C 
       42.412 C 
       42.417 C 
FROM   42.435   TO   42.447       0.071       0.021
FROM   42.447   TO   42.458       0.064       0.020
FROM   42.458   TO   42.471       0.058       0.019
FROM   42.471   TO   42.509       0.051       0.018
FROM   42.509   TO   42.519       0.045       0.017
FROM   42.519   TO   42.523       0.038       0.015
FROM   42.523   TO   42.537       0.032       0.014
FROM   42.537   TO   42.568       0.026       0.013
FROM   42.568   TO   42.611       0.019       0.011
       42.601 C 
       42.606 C 
FROM   42.611   TO   42.824       0.013       0.009
FROM   42.824   TO   43.257       0.006       0.006
FROM   43.257   ONWARDS          -0.000       0.000
          WARNING:  THE FIRST POINT WAS CHANGED TO A DETECTION
                    FOR THE K-M COMPUTATION
    
        PERCENTILES    
         75 TH     50 TH     25 TH
         41.375    41.728    42.052
    
        MEAN=    41.675 +/- 0.062   LIMITED TO     40.314

          SINCE A CENSORED POINT WAS CHANGED TO A DETECTION,
          THE MEAN ESTIMATE IS BIASED.
 
